[2018-30-18 01:30:37.624] 
FAILURE: test
[2018-30-18 01:30:37.625] 
FAILURE: test
[2018-30-18 01:30:37.625] 
FAILURE: test
[2018-30-18 01:30:37.626] 
FAILURE: test
[2018-30-18 01:30:37.626] 
FAILURE: test
[2018-30-18 01:30:37.626] 
FAILURE: test
[2018-30-18 01:30:37.626] 
FAILURE: test
[2018-30-18 01:30:37.626] 
FAILURE: test
[2018-30-18 01:30:37.626] 
FAILURE: test
[2018-30-18 01:30:37.627] 
FAILURE: test
[2018-30-18 01:30:37.627] 
FAILURE: test
[2018-30-18 01:30:37.627] 
FAILURE: test
[2018-30-18 01:30:37.628] 
FAILURE: test
[2018-30-18 01:30:37.628] 
FAILURE: test
[2018-30-18 01:30:37.629] 
FAILURE: test
[2018-30-18 01:30:37.629] 
FAILURE: test
[2018-30-18 01:30:37.629] 
FAILURE: test
[2018-30-18 01:30:37.629] 
FAILURE: test
[2018-30-18 01:30:37.630] 
FAILURE: test
[2018-30-18 01:30:37.630] 
FAILURE: test
[2018-30-18 01:30:37.630] 
FAILURE: test
[2018-30-18 01:30:37.630] 
FAILURE: test
[2018-30-18 01:30:37.630] 
FAILURE: test
[2018-30-18 01:30:37.630] 
FAILURE: test
[2018-30-18 01:30:37.631] 
FAILURE: test
[2018-30-18 01:30:37.631] 
FAILURE: test
[2018-30-18 01:30:37.631] 
FAILURE: test
[2018-30-18 01:30:37.631] 
FAILURE: test
[2018-30-18 01:30:37.631] 
FAILURE: test
[2018-30-18 01:30:37.631] 
FAILURE: test
[2018-30-18 01:30:37.632] 
FAILURE: test
[2018-30-18 01:30:37.632] 
FAILURE: test
[2018-30-18 01:30:37.632] 
FAILURE: test
[2018-30-18 01:30:37.632] 
FAILURE: test
[2018-30-18 01:30:37.632] 
FAILURE: test
[2018-30-18 01:30:37.632] 
FAILURE: test
[2018-30-18 01:30:37.633] 
FAILURE: test
[2018-30-18 01:30:37.633] 
FAILURE: test
[2018-30-18 01:30:37.633] 
FAILURE: test
[2018-30-18 01:30:37.633] 
FAILURE: test
[2018-30-18 01:30:37.633] 
FAILURE: test
[2018-30-18 01:30:37.633] 
FAILURE: test
[2018-30-18 01:30:37.633] 
FAILURE: test
[2018-30-18 01:30:37.634] 
FAILURE: test
[2018-30-18 01:30:37.634] 
FAILURE: test
[2018-30-18 01:30:37.634] 
FAILURE: test
[2018-30-18 01:30:37.634] 
FAILURE: test
[2018-30-18 01:30:37.634] 
FAILURE: test
[2018-30-18 01:30:37.635] 
FAILURE: test
[2018-30-18 01:30:37.635] 
FAILURE: test
[2018-30-18 01:30:37.636] 
FAILURE: test
[2018-30-18 01:30:37.636] 
FAILURE: test
[2018-30-18 01:30:37.636] 
FAILURE: test
[2018-30-18 01:30:37.637] 
FAILURE: test
[2018-30-18 01:30:37.637] 
FAILURE: test
[2018-30-18 01:30:37.637] 
FAILURE: test
[2018-30-18 01:30:37.637] 
FAILURE: test
[2018-30-18 01:30:37.638] 
FAILURE: test
[2018-30-18 01:30:37.638] 
FAILURE: test
[2018-30-18 01:30:37.638] 
FAILURE: test
[2018-30-18 01:30:37.638] 
FAILURE: test
[2018-30-18 01:30:37.638] 
FAILURE: test
[2018-30-18 01:30:37.638] 
FAILURE: test
[2018-30-18 01:30:37.639] 
FAILURE: test
[2018-30-18 01:30:37.639] 
FAILURE: test
[2018-30-18 01:30:37.639] 
FAILURE: test
[2018-30-18 01:30:37.640] 
FAILURE: test
[2018-30-18 01:30:37.640] 
FAILURE: test
[2018-30-18 01:30:37.641] 
FAILURE: test
[2018-34-18 01:34:32.973] 
FAILURE: test
[2018-34-18 01:34:32.974] 
FAILURE: test
[2018-34-18 01:34:32.977] 
FAILURE: test
[2018-34-18 01:34:32.977] 
FAILURE: test
[2018-34-18 01:34:32.977] 
FAILURE: test
[2018-34-18 01:34:32.977] 
FAILURE: test
[2018-34-18 01:34:32.978] 
FAILURE: test
[2018-34-18 01:34:32.978] 
FAILURE: test
[2018-34-18 01:34:32.978] 
FAILURE: test
[2018-34-18 01:34:32.978] 
FAILURE: test
[2018-34-18 01:34:32.978] 
FAILURE: test
[2018-34-18 01:34:32.978] 
FAILURE: test
[2018-34-18 01:34:32.979] 
FAILURE: test
[2018-34-18 01:34:32.979] 
FAILURE: test
[2018-34-18 01:34:32.979] 
FAILURE: test
[2018-34-18 01:34:32.979] 
FAILURE: test
[2018-34-18 01:34:32.979] 
FAILURE: test
[2018-34-18 01:34:32.979] 
FAILURE: test
[2018-34-18 01:34:32.980] 
FAILURE: test
[2018-34-18 01:34:32.980] 
FAILURE: test
[2018-34-18 01:34:32.980] 
FAILURE: test
[2018-34-18 01:34:32.980] 
FAILURE: test
[2018-34-18 01:34:32.980] 
FAILURE: test
[2018-34-18 01:34:32.980] 
FAILURE: test
[2018-34-18 01:34:32.981] 
FAILURE: test
[2018-34-18 01:34:32.981] 
FAILURE: test
[2018-34-18 01:34:32.981] 
FAILURE: test
[2018-34-18 01:34:32.981] 
FAILURE: test
[2018-34-18 01:34:32.981] 
FAILURE: test
[2018-34-18 01:34:32.981] 
FAILURE: test
[2018-34-18 01:34:32.981] 
FAILURE: test
[2018-34-18 01:34:32.982] 
FAILURE: test
[2018-34-18 01:34:32.982] 
FAILURE: test
[2018-34-18 01:34:32.982] 
FAILURE: test
[2018-34-18 01:34:32.982] 
FAILURE: test
[2018-34-18 01:34:32.982] 
FAILURE: test
[2018-34-18 01:34:32.983] 
FAILURE: test
[2018-34-18 01:34:32.983] 
FAILURE: test
[2018-34-18 01:34:32.983] 
FAILURE: test
[2018-34-18 01:34:32.983] 
FAILURE: test
[2018-34-18 01:34:32.983] 
FAILURE: test
[2018-34-18 01:34:32.984] 
FAILURE: test
[2018-34-18 01:34:32.984] 
FAILURE: test
[2018-34-18 01:34:32.984] 
FAILURE: test
[2018-34-18 01:34:32.984] 
FAILURE: test
[2018-34-18 01:34:32.984] 
FAILURE: test
[2018-34-18 01:34:32.984] 
FAILURE: test
[2018-34-18 01:34:32.984] 
FAILURE: test
[2018-34-18 01:34:32.985] 
FAILURE: test
[2018-34-18 01:34:32.985] 
FAILURE: test
[2018-34-18 01:34:32.985] 
FAILURE: test
[2018-34-18 01:34:32.985] 
FAILURE: test
[2018-34-18 01:34:32.985] 
FAILURE: test
[2018-34-18 01:34:32.985] 
FAILURE: test
[2018-34-18 01:34:32.985] 
FAILURE: test
[2018-34-18 01:34:32.985] 
FAILURE: test
[2018-34-18 01:34:32.986] 
FAILURE: test
[2018-34-18 01:34:32.986] 
FAILURE: test
[2018-34-18 01:34:32.986] 
FAILURE: test
[2018-34-18 01:34:32.986] 
FAILURE: test
[2018-34-18 01:34:32.986] 
FAILURE: test
[2018-34-18 01:34:32.986] 
FAILURE: test
[2018-34-18 01:34:32.986] 
FAILURE: test
[2018-34-18 01:34:32.987] 
FAILURE: test
[2018-34-18 01:34:32.987] 
FAILURE: test
[2018-34-18 01:34:32.987] 
FAILURE: test
[2018-34-18 01:34:32.987] 
FAILURE: test
[2018-34-18 01:34:32.987] 
FAILURE: test
[2018-34-18 01:34:32.987] 
FAILURE: test
[2018-35-18 01:35:27.761] 
FAILURE: test
[2018-35-18 01:35:27.762] 
FAILURE: test
[2018-35-18 01:35:27.762] 
FAILURE: test
[2018-35-18 01:35:27.762] 
FAILURE: test
[2018-35-18 01:35:27.763] 
FAILURE: test
[2018-35-18 01:35:27.763] 
FAILURE: test
[2018-35-18 01:35:27.763] 
FAILURE: test
[2018-35-18 01:35:27.763] 
FAILURE: test
[2018-35-18 01:35:27.763] 
FAILURE: test
[2018-35-18 01:35:27.763] 
FAILURE: test
[2018-35-18 01:35:27.763] 
FAILURE: test
[2018-35-18 01:35:27.764] 
FAILURE: test
[2018-35-18 01:35:27.764] 
FAILURE: test
[2018-35-18 01:35:27.764] 
FAILURE: test
[2018-35-18 01:35:27.764] 
FAILURE: test
[2018-35-18 01:35:27.764] 
FAILURE: test
[2018-35-18 01:35:27.764] 
FAILURE: test
[2018-35-18 01:35:27.764] 
FAILURE: test
[2018-35-18 01:35:27.765] 
FAILURE: test
[2018-35-18 01:35:27.765] 
FAILURE: test
[2018-35-18 01:35:27.765] 
FAILURE: test
[2018-35-18 01:35:27.765] 
FAILURE: test
[2018-35-18 01:35:27.765] 
FAILURE: test
[2018-35-18 01:35:27.765] 
FAILURE: test
[2018-35-18 01:35:27.765] 
FAILURE: test
[2018-35-18 01:35:27.766] 
FAILURE: test
[2018-35-18 01:35:27.766] 
FAILURE: test
[2018-35-18 01:35:27.766] 
FAILURE: test
[2018-35-18 01:35:27.766] 
FAILURE: test
[2018-35-18 01:35:27.766] 
FAILURE: test
[2018-35-18 01:35:27.767] 
FAILURE: test
[2018-35-18 01:35:27.767] 
FAILURE: test
[2018-35-18 01:35:27.767] 
FAILURE: test
[2018-35-18 01:35:27.767] 
FAILURE: test
[2018-35-18 01:35:27.768] 
FAILURE: test
[2018-35-18 01:35:27.768] 
FAILURE: test
[2018-35-18 01:35:27.768] 
FAILURE: test
[2018-35-18 01:35:27.768] 
FAILURE: test
[2018-35-18 01:35:27.768] 
FAILURE: test
[2018-35-18 01:35:27.768] 
FAILURE: test
[2018-35-18 01:35:27.768] 
FAILURE: test
[2018-35-18 01:35:27.768] 
FAILURE: test
[2018-35-18 01:35:27.769] 
FAILURE: test
[2018-35-18 01:35:27.769] 
FAILURE: test
[2018-35-18 01:35:27.769] 
FAILURE: test
[2018-35-18 01:35:27.769] 
FAILURE: test
[2018-35-18 01:35:27.769] 
FAILURE: test
[2018-35-18 01:35:27.769] 
FAILURE: test
[2018-35-18 01:35:27.769] 
FAILURE: test
[2018-35-18 01:35:27.770] 
FAILURE: test
[2018-35-18 01:35:27.770] 
FAILURE: test
[2018-35-18 01:35:27.770] 
FAILURE: test
[2018-35-18 01:35:27.770] 
FAILURE: test
[2018-35-18 01:35:27.770] 
FAILURE: test
[2018-35-18 01:35:27.770] 
FAILURE: test
[2018-35-18 01:35:27.771] 
FAILURE: test
[2018-35-18 01:35:27.771] 
FAILURE: test
[2018-35-18 01:35:27.772] 
FAILURE: test
[2018-35-18 01:35:27.772] 
FAILURE: test
[2018-35-18 01:35:27.772] 
FAILURE: test
[2018-35-18 01:35:27.772] 
FAILURE: test
[2018-35-18 01:35:27.773] 
FAILURE: test
[2018-35-18 01:35:27.773] 
FAILURE: test
[2018-35-18 01:35:27.773] 
FAILURE: test
[2018-35-18 01:35:27.773] 
FAILURE: test
[2018-35-18 01:35:27.773] 
FAILURE: test
[2018-35-18 01:35:27.774] 
FAILURE: test
[2018-35-18 01:35:27.774] 
FAILURE: test
[2018-35-18 01:35:27.774] 
FAILURE: test
[2018-54-18 01:54:59.220] 
FAILURE: test
[2018-54-18 01:54:59.221] 
FAILURE: test
[2018-54-18 01:54:59.221] 
FAILURE: test
[2018-54-18 01:54:59.221] 
FAILURE: test
[2018-54-18 01:54:59.221] 
FAILURE: test
[2018-54-18 01:54:59.221] 
FAILURE: test
[2018-54-18 01:54:59.222] 
FAILURE: test
[2018-54-18 01:54:59.222] 
FAILURE: test
[2018-54-18 01:54:59.222] 
FAILURE: test
[2018-54-18 01:54:59.224] 
FAILURE: test
[2018-54-18 01:54:59.224] 
FAILURE: test
[2018-54-18 01:54:59.224] 
FAILURE: test
[2018-54-18 01:54:59.225] 
FAILURE: test
[2018-54-18 01:54:59.228] 
FAILURE: test
[2018-54-18 01:54:59.228] 
FAILURE: test
[2018-54-18 01:54:59.228] 
FAILURE: test
[2018-54-18 01:54:59.229] 
FAILURE: test
[2018-54-18 01:54:59.229] 
FAILURE: test
[2018-54-18 01:54:59.229] 
FAILURE: test
[2018-54-18 01:54:59.229] 
FAILURE: test
[2018-54-18 01:54:59.229] 
FAILURE: test
[2018-54-18 01:54:59.229] 
FAILURE: test
[2018-54-18 01:54:59.229] 
FAILURE: test
[2018-54-18 01:54:59.229] 
FAILURE: test
[2018-54-18 01:54:59.230] 
FAILURE: test
[2018-54-18 01:54:59.230] 
FAILURE: test
[2018-54-18 01:54:59.230] 
FAILURE: test
[2018-54-18 01:54:59.231] 
FAILURE: test
[2018-54-18 01:54:59.231] 
FAILURE: test
[2018-54-18 01:54:59.231] 
FAILURE: test
[2018-54-18 01:54:59.232] 
FAILURE: test
[2018-54-18 01:54:59.232] 
FAILURE: test
[2018-54-18 01:54:59.232] 
FAILURE: test
[2018-54-18 01:54:59.232] 
FAILURE: test
[2018-54-18 01:54:59.232] 
FAILURE: test
[2018-54-18 01:54:59.232] 
FAILURE: test
[2018-54-18 01:54:59.232] 
FAILURE: test
[2018-54-18 01:54:59.233] 
FAILURE: test
[2018-54-18 01:54:59.233] 
FAILURE: test
[2018-54-18 01:54:59.233] 
FAILURE: test
[2018-54-18 01:54:59.233] 
FAILURE: test
[2018-54-18 01:54:59.233] 
FAILURE: test
[2018-54-18 01:54:59.233] 
FAILURE: test
[2018-54-18 01:54:59.234] 
FAILURE: test
[2018-54-18 01:54:59.234] 
FAILURE: test
[2018-54-18 01:54:59.234] 
FAILURE: test
[2018-54-18 01:54:59.234] 
FAILURE: test
[2018-54-18 01:54:59.234] 
FAILURE: test
[2018-54-18 01:54:59.234] 
FAILURE: test
[2018-54-18 01:54:59.234] 
FAILURE: test
[2018-54-18 01:54:59.235] 
FAILURE: test
[2018-54-18 01:54:59.235] 
FAILURE: test
[2018-54-18 01:54:59.235] 
FAILURE: test
[2018-54-18 01:54:59.235] 
FAILURE: test
[2018-54-18 01:54:59.235] 
FAILURE: test
[2018-54-18 01:54:59.235] 
FAILURE: test
[2018-54-18 01:54:59.235] 
FAILURE: test
[2018-54-18 01:54:59.235] 
FAILURE: test
[2018-54-18 01:54:59.236] 
FAILURE: test
[2018-54-18 01:54:59.236] 
FAILURE: test
[2018-54-18 01:54:59.236] 
FAILURE: test
[2018-54-18 01:54:59.236] 
FAILURE: test
[2018-54-18 01:54:59.236] 
FAILURE: test
[2018-54-18 01:54:59.236] 
FAILURE: test
[2018-54-18 01:54:59.236] 
FAILURE: test
[2018-54-18 01:54:59.236] 
FAILURE: test
[2018-54-18 01:54:59.237] 
FAILURE: test
[2018-54-18 01:54:59.237] 
FAILURE: test
[2018-54-18 01:54:59.237] 
FAILURE: test
[2018-11-19 09:11:55.29] 
FAILURE: test
[2018-11-19 09:11:55.31] 
FAILURE: test
[2018-11-19 09:11:55.32] 
FAILURE: test
[2018-11-19 09:11:55.32] 
FAILURE: test
[2018-11-19 09:11:55.32] 
FAILURE: test
[2018-11-19 09:11:55.32] 
FAILURE: test
[2018-11-19 09:11:55.33] 
FAILURE: test
[2018-11-19 09:11:55.33] 
FAILURE: test
[2018-11-19 09:11:55.33] 
FAILURE: test
[2018-11-19 09:11:55.33] 
FAILURE: test
[2018-11-19 09:11:55.33] 
FAILURE: test
[2018-11-19 09:11:55.34] 
FAILURE: test
[2018-11-19 09:11:55.41] 
FAILURE: test
[2018-11-19 09:11:55.41] 
FAILURE: test
[2018-11-19 09:11:55.41] 
FAILURE: test
[2018-11-19 09:11:55.41] 
FAILURE: test
[2018-11-19 09:11:55.41] 
FAILURE: test
[2018-11-19 09:11:55.42] 
FAILURE: test
[2018-11-19 09:11:55.42] 
FAILURE: test
[2018-11-19 09:11:55.42] 
FAILURE: test
[2018-11-19 09:11:55.42] 
FAILURE: test
[2018-11-19 09:11:55.42] 
FAILURE: test
[2018-11-19 09:11:55.42] 
FAILURE: test
[2018-11-19 09:11:55.43] 
FAILURE: test
[2018-11-19 09:11:55.43] 
FAILURE: test
[2018-11-19 09:11:55.43] 
FAILURE: test
[2018-11-19 09:11:55.43] 
FAILURE: test
[2018-11-19 09:11:55.43] 
FAILURE: test
[2018-11-19 09:11:55.43] 
FAILURE: test
[2018-11-19 09:11:55.44] 
FAILURE: test
[2018-11-19 09:11:55.44] 
FAILURE: test
[2018-11-19 09:11:55.45] 
FAILURE: test
[2018-11-19 09:11:55.45] 
FAILURE: test
[2018-11-19 09:11:55.45] 
FAILURE: test
[2018-11-19 09:11:55.45] 
FAILURE: test
[2018-11-19 09:11:55.46] 
FAILURE: test
[2018-11-19 09:11:55.46] 
FAILURE: test
[2018-11-19 09:11:55.46] 
FAILURE: test
[2018-11-19 09:11:55.46] 
FAILURE: test
[2018-11-19 09:11:55.46] 
FAILURE: test
[2018-11-19 09:11:55.46] 
FAILURE: test
[2018-11-19 09:11:55.47] 
FAILURE: test
[2018-11-19 09:11:55.47] 
FAILURE: test
[2018-11-19 09:11:55.47] 
FAILURE: test
[2018-11-19 09:11:55.47] 
FAILURE: test
[2018-11-19 09:11:55.47] 
FAILURE: test
[2018-11-19 09:11:55.47] 
FAILURE: test
[2018-11-19 09:11:55.47] 
FAILURE: test
[2018-11-19 09:11:55.48] 
FAILURE: test
[2018-11-19 09:11:55.48] 
FAILURE: test
[2018-11-19 09:11:55.48] 
FAILURE: test
[2018-11-19 09:11:55.48] 
FAILURE: test
[2018-11-19 09:11:55.48] 
FAILURE: test
[2018-11-19 09:11:55.48] 
FAILURE: test
[2018-11-19 09:11:55.48] 
FAILURE: test
[2018-11-19 09:11:55.48] 
FAILURE: test
[2018-11-19 09:11:55.49] 
FAILURE: test
[2018-11-19 09:11:55.49] 
FAILURE: test
[2018-11-19 09:11:55.49] 
FAILURE: test
[2018-11-19 09:11:55.49] 
FAILURE: test
[2018-11-19 09:11:55.49] 
FAILURE: test
[2018-11-19 09:11:55.49] 
FAILURE: test
[2018-11-19 09:11:55.49] 
FAILURE: test
[2018-11-19 09:11:55.50] 
FAILURE: test
[2018-11-19 09:11:55.50] 
FAILURE: test
[2018-11-19 09:11:55.50] 
FAILURE: test
[2018-11-19 09:11:55.50] 
FAILURE: test
[2018-11-19 09:11:55.50] 
FAILURE: test
[2018-11-19 09:11:55.50] 
FAILURE: test
[2018-11-19 09:11:55.50] 
FAILURE: test
[2018-15-19 09:15:43.983] 
FAILURE: test
[2018-15-19 09:15:43.985] 
FAILURE: test
[2018-15-19 09:15:43.986] 
FAILURE: test
[2018-15-19 09:15:43.986] 
FAILURE: test
[2018-15-19 09:15:43.986] 
FAILURE: test
[2018-15-19 09:15:43.986] 
FAILURE: test
[2018-15-19 09:15:43.987] 
FAILURE: test
[2018-15-19 09:15:43.987] 
FAILURE: test
[2018-15-19 09:15:43.987] 
FAILURE: test
[2018-15-19 09:15:43.987] 
FAILURE: test
[2018-15-19 09:15:43.987] 
FAILURE: test
[2018-15-19 09:15:43.987] 
FAILURE: test
[2018-15-19 09:15:43.988] 
FAILURE: test
[2018-15-19 09:15:43.994] 
FAILURE: test
[2018-15-19 09:15:43.995] 
FAILURE: test
[2018-15-19 09:15:43.995] 
FAILURE: test
[2018-15-19 09:15:43.995] 
FAILURE: test
[2018-15-19 09:15:43.996] 
FAILURE: test
[2018-15-19 09:15:43.996] 
FAILURE: test
[2018-15-19 09:15:43.996] 
FAILURE: test
[2018-15-19 09:15:43.996] 
FAILURE: test
[2018-15-19 09:15:43.996] 
FAILURE: test
[2018-15-19 09:15:43.996] 
FAILURE: test
[2018-15-19 09:15:43.997] 
FAILURE: test
[2018-15-19 09:15:43.997] 
FAILURE: test
[2018-15-19 09:15:43.997] 
FAILURE: test
[2018-15-19 09:15:43.997] 
FAILURE: test
[2018-15-19 09:15:43.997] 
FAILURE: test
[2018-15-19 09:15:43.997] 
FAILURE: test
[2018-15-19 09:15:43.998] 
FAILURE: test
[2018-15-19 09:15:43.998] 
FAILURE: test
[2018-15-19 09:15:43.998] 
FAILURE: test
[2018-15-19 09:15:43.998] 
FAILURE: test
[2018-15-19 09:15:43.999] 
FAILURE: test
[2018-15-19 09:15:43.999] 
FAILURE: test
[2018-15-19 09:15:43.999] 
FAILURE: test
[2018-15-19 09:15:43.999] 
FAILURE: test
[2018-15-19 09:15:43.999] 
FAILURE: test
[2018-15-19 09:15:43.999] 
FAILURE: test
[2018-15-19 09:15:43.999] 
FAILURE: test
[2018-15-19 09:15:44.0] 
FAILURE: test
[2018-15-19 09:15:44.0] 
FAILURE: test
[2018-15-19 09:15:44.0] 
FAILURE: test
[2018-15-19 09:15:44.1] 
FAILURE: test
[2018-15-19 09:15:44.1] 
FAILURE: test
[2018-15-19 09:15:44.1] 
FAILURE: test
[2018-15-19 09:15:44.1] 
FAILURE: test
[2018-15-19 09:15:44.1] 
FAILURE: test
[2018-15-19 09:15:44.2] 
FAILURE: test
[2018-15-19 09:15:44.2] 
FAILURE: test
[2018-15-19 09:15:44.2] 
FAILURE: test
[2018-15-19 09:15:44.2] 
FAILURE: test
[2018-15-19 09:15:44.3] 
FAILURE: test
[2018-15-19 09:15:44.3] 
FAILURE: test
[2018-15-19 09:15:44.3] 
FAILURE: test
[2018-15-19 09:15:44.3] 
FAILURE: test
[2018-15-19 09:15:44.3] 
FAILURE: test
[2018-15-19 09:15:44.3] 
FAILURE: test
[2018-15-19 09:15:44.4] 
FAILURE: test
[2018-15-19 09:15:44.4] 
FAILURE: test
[2018-15-19 09:15:44.4] 
FAILURE: test
[2018-15-19 09:15:44.6] 
FAILURE: test
[2018-15-19 09:15:44.6] 
FAILURE: test
[2018-15-19 09:15:44.8] 
FAILURE: test
[2018-15-19 09:15:44.8] 
FAILURE: test
[2018-15-19 09:15:44.8] 
FAILURE: test
[2018-15-19 09:15:44.8] 
FAILURE: test
[2018-15-19 09:15:44.9] 
FAILURE: test
[2018-15-19 09:15:44.9] 
FAILURE: test
[2018-15-19 09:15:44.9] 
FAILURE: test
[2018-35-19 09:35:19.543] 
FAILURE: test
[2018-35-19 09:35:19.544] 
FAILURE: test
[2018-35-19 09:35:19.545] 
FAILURE: test
[2018-35-19 09:35:19.545] 
FAILURE: test
[2018-35-19 09:35:19.545] 
FAILURE: test
[2018-35-19 09:35:19.545] 
FAILURE: test
[2018-35-19 09:35:19.545] 
FAILURE: test
[2018-35-19 09:35:19.545] 
FAILURE: test
[2018-35-19 09:35:19.545] 
FAILURE: test
[2018-35-19 09:35:19.546] 
FAILURE: test
[2018-35-19 09:35:19.546] 
FAILURE: test
[2018-35-19 09:35:19.546] 
FAILURE: test
[2018-35-19 09:35:19.546] 
FAILURE: test
[2018-35-19 09:35:19.546] 
FAILURE: test
[2018-35-19 09:35:19.551] 
FAILURE: test
[2018-35-19 09:35:19.552] 
FAILURE: test
[2018-35-19 09:35:19.552] 
FAILURE: test
[2018-35-19 09:35:19.552] 
FAILURE: test
[2018-35-19 09:35:19.552] 
FAILURE: test
[2018-35-19 09:35:19.552] 
FAILURE: test
[2018-35-19 09:35:19.552] 
FAILURE: test
[2018-35-19 09:35:19.553] 
FAILURE: test
[2018-35-19 09:35:19.553] 
FAILURE: test
[2018-35-19 09:35:19.553] 
FAILURE: test
[2018-35-19 09:35:19.553] 
FAILURE: test
[2018-35-19 09:35:19.553] 
FAILURE: test
[2018-35-19 09:35:19.553] 
FAILURE: test
[2018-35-19 09:35:19.553] 
FAILURE: test
[2018-35-19 09:35:19.554] 
FAILURE: test
[2018-35-19 09:35:19.554] 
FAILURE: test
[2018-35-19 09:35:19.554] 
FAILURE: test
[2018-35-19 09:35:19.554] 
FAILURE: test
[2018-35-19 09:35:19.554] 
FAILURE: test
[2018-35-19 09:35:19.554] 
FAILURE: test
[2018-35-19 09:35:19.554] 
FAILURE: test
[2018-35-19 09:35:19.554] 
FAILURE: test
[2018-35-19 09:35:19.555] 
FAILURE: test
[2018-35-19 09:35:19.555] 
FAILURE: test
[2018-35-19 09:35:19.555] 
FAILURE: test
[2018-35-19 09:35:19.555] 
FAILURE: test
[2018-35-19 09:35:19.556] 
FAILURE: test
[2018-35-19 09:35:19.556] 
FAILURE: test
[2018-35-19 09:35:19.556] 
FAILURE: test
[2018-35-19 09:35:19.556] 
FAILURE: test
[2018-35-19 09:35:19.556] 
FAILURE: test
[2018-35-19 09:35:19.556] 
FAILURE: test
[2018-35-19 09:35:19.556] 
FAILURE: test
[2018-35-19 09:35:19.557] 
FAILURE: test
[2018-35-19 09:35:19.557] 
FAILURE: test
[2018-35-19 09:35:19.557] 
FAILURE: test
[2018-35-19 09:35:19.557] 
FAILURE: test
[2018-35-19 09:35:19.557] 
FAILURE: test
[2018-35-19 09:35:19.557] 
FAILURE: test
[2018-35-19 09:35:19.557] 
FAILURE: test
[2018-35-19 09:35:19.558] 
FAILURE: test
[2018-35-19 09:35:19.558] 
FAILURE: test
[2018-35-19 09:35:19.558] 
FAILURE: test
[2018-35-19 09:35:19.558] 
FAILURE: test
[2018-35-19 09:35:19.558] 
FAILURE: test
[2018-35-19 09:35:19.558] 
FAILURE: test
[2018-35-19 09:35:19.558] 
FAILURE: test
[2018-35-19 09:35:19.559] 
FAILURE: test
[2018-35-19 09:35:19.559] 
FAILURE: test
[2018-35-19 09:35:19.559] 
FAILURE: test
[2018-35-19 09:35:19.559] 
FAILURE: test
[2018-35-19 09:35:19.559] 
FAILURE: test
[2018-35-19 09:35:19.560] 
FAILURE: test
[2018-35-19 09:35:19.560] 
FAILURE: test
[2018-35-19 09:35:19.560] 
FAILURE: test
[2018-35-19 09:35:19.560] 
FAILURE: test
[2018-41-19 09:41:24.386] 
FAILURE: test
[2018-41-19 09:41:24.389] 
FAILURE: test
[2018-41-19 09:41:24.389] 
FAILURE: test
[2018-41-19 09:41:24.389] 
FAILURE: test
[2018-41-19 09:41:24.390] 
FAILURE: test
[2018-41-19 09:41:24.390] 
FAILURE: test
[2018-41-19 09:41:24.390] 
FAILURE: test
[2018-41-19 09:41:24.390] 
FAILURE: test
[2018-41-19 09:41:24.390] 
FAILURE: test
[2018-41-19 09:41:24.391] 
FAILURE: test
[2018-41-19 09:41:24.391] 
FAILURE: test
[2018-41-19 09:41:24.391] 
FAILURE: test
[2018-41-19 09:41:24.391] 
FAILURE: test
[2018-41-19 09:41:24.394] 
FAILURE: test
[2018-41-19 09:41:24.395] 
FAILURE: test
[2018-41-19 09:41:24.395] 
FAILURE: test
[2018-41-19 09:41:24.395] 
FAILURE: test
[2018-41-19 09:41:24.395] 
FAILURE: test
[2018-41-19 09:41:24.395] 
FAILURE: test
[2018-41-19 09:41:24.396] 
FAILURE: test
[2018-41-19 09:41:24.396] 
FAILURE: test
[2018-41-19 09:41:24.396] 
FAILURE: test
[2018-41-19 09:41:24.396] 
FAILURE: test
[2018-41-19 09:41:24.396] 
FAILURE: test
[2018-41-19 09:41:24.397] 
FAILURE: test
[2018-41-19 09:41:24.397] 
FAILURE: test
[2018-41-19 09:41:24.397] 
FAILURE: test
[2018-41-19 09:41:24.398] 
FAILURE: test
[2018-41-19 09:41:24.398] 
FAILURE: test
[2018-41-19 09:41:24.398] 
FAILURE: test
[2018-41-19 09:41:24.398] 
FAILURE: test
[2018-41-19 09:41:24.398] 
FAILURE: test
[2018-41-19 09:41:24.398] 
FAILURE: test
[2018-41-19 09:41:24.399] 
FAILURE: test
[2018-41-19 09:41:24.399] 
FAILURE: test
[2018-41-19 09:41:24.399] 
FAILURE: test
[2018-41-19 09:41:24.399] 
FAILURE: test
[2018-41-19 09:41:24.400] 
FAILURE: test
[2018-41-19 09:41:24.400] 
FAILURE: test
[2018-41-19 09:41:24.400] 
FAILURE: test
[2018-41-19 09:41:24.400] 
FAILURE: test
[2018-41-19 09:41:24.401] 
FAILURE: test
[2018-41-19 09:41:24.401] 
FAILURE: test
[2018-41-19 09:41:24.401] 
FAILURE: test
[2018-41-19 09:41:24.401] 
FAILURE: test
[2018-41-19 09:41:24.401] 
FAILURE: test
[2018-41-19 09:41:24.402] 
FAILURE: test
[2018-41-19 09:41:24.402] 
FAILURE: test
[2018-41-19 09:41:24.402] 
FAILURE: test
[2018-41-19 09:41:24.402] 
FAILURE: test
[2018-41-19 09:41:24.402] 
FAILURE: test
[2018-41-19 09:41:24.402] 
FAILURE: test
[2018-41-19 09:41:24.402] 
FAILURE: test
[2018-41-19 09:41:24.403] 
FAILURE: test
[2018-41-19 09:41:24.403] 
FAILURE: test
[2018-41-19 09:41:24.403] 
FAILURE: test
[2018-41-19 09:41:24.403] 
FAILURE: test
[2018-41-19 09:41:24.403] 
FAILURE: test
[2018-41-19 09:41:24.403] 
FAILURE: test
[2018-41-19 09:41:24.403] 
FAILURE: test
[2018-41-19 09:41:24.404] 
FAILURE: test
[2018-41-19 09:41:24.404] 
FAILURE: test
[2018-41-19 09:41:24.404] 
FAILURE: test
[2018-41-19 09:41:24.404] 
FAILURE: test
[2018-41-19 09:41:24.404] 
FAILURE: test
[2018-41-19 09:41:24.404] 
FAILURE: test
[2018-41-19 09:41:24.404] 
FAILURE: test
[2018-41-19 09:41:24.404] 
FAILURE: test
[2018-41-19 09:41:24.404] 
FAILURE: test
[2018-41-19 09:41:24.405] 
FAILURE: test
[2018-45-19 09:45:34.793] 
FAILURE: test
[2018-45-19 09:45:34.794] 
FAILURE: test
[2018-45-19 09:45:34.795] 
FAILURE: test
[2018-45-19 09:45:34.795] 
FAILURE: test
[2018-45-19 09:45:34.795] 
FAILURE: test
[2018-45-19 09:45:34.795] 
FAILURE: test
[2018-45-19 09:45:34.795] 
FAILURE: test
[2018-45-19 09:45:34.795] 
FAILURE: test
[2018-45-19 09:45:34.796] 
FAILURE: test
[2018-45-19 09:45:34.796] 
FAILURE: test
[2018-45-19 09:45:34.796] 
FAILURE: test
[2018-45-19 09:45:34.796] 
FAILURE: test
[2018-45-19 09:45:34.796] 
FAILURE: test
[2018-45-19 09:45:34.796] 
FAILURE: test
[2018-45-19 09:45:34.802] 
FAILURE: test
[2018-45-19 09:45:34.802] 
FAILURE: test
[2018-45-19 09:45:34.802] 
FAILURE: test
[2018-45-19 09:45:34.802] 
FAILURE: test
[2018-45-19 09:45:34.802] 
FAILURE: test
[2018-45-19 09:45:34.802] 
FAILURE: test
[2018-45-19 09:45:34.803] 
FAILURE: test
[2018-45-19 09:45:34.803] 
FAILURE: test
[2018-45-19 09:45:34.803] 
FAILURE: test
[2018-45-19 09:45:34.803] 
FAILURE: test
[2018-45-19 09:45:34.803] 
FAILURE: test
[2018-45-19 09:45:34.803] 
FAILURE: test
[2018-45-19 09:45:34.803] 
FAILURE: test
[2018-45-19 09:45:34.804] 
FAILURE: test
[2018-45-19 09:45:34.804] 
FAILURE: test
[2018-45-19 09:45:34.804] 
FAILURE: test
[2018-45-19 09:45:34.804] 
FAILURE: test
[2018-45-19 09:45:34.804] 
FAILURE: test
[2018-45-19 09:45:34.805] 
FAILURE: test
[2018-45-19 09:45:34.805] 
FAILURE: test
[2018-45-19 09:45:34.805] 
FAILURE: test
[2018-45-19 09:45:34.805] 
FAILURE: test
[2018-45-19 09:45:34.805] 
FAILURE: test
[2018-45-19 09:45:34.805] 
FAILURE: test
[2018-45-19 09:45:34.806] 
FAILURE: test
[2018-45-19 09:45:34.807] 
FAILURE: test
[2018-45-19 09:45:34.807] 
FAILURE: test
[2018-45-19 09:45:34.807] 
FAILURE: test
[2018-45-19 09:45:34.808] 
FAILURE: test
[2018-45-19 09:45:34.808] 
FAILURE: test
[2018-45-19 09:45:34.808] 
FAILURE: test
[2018-45-19 09:45:34.808] 
FAILURE: test
[2018-45-19 09:45:34.808] 
FAILURE: test
[2018-45-19 09:45:34.809] 
FAILURE: test
[2018-45-19 09:45:34.809] 
FAILURE: test
[2018-45-19 09:45:34.809] 
FAILURE: test
[2018-45-19 09:45:34.809] 
FAILURE: test
[2018-45-19 09:45:34.809] 
FAILURE: test
[2018-45-19 09:45:34.809] 
FAILURE: test
[2018-45-19 09:45:34.810] 
FAILURE: test
[2018-45-19 09:45:34.810] 
FAILURE: test
[2018-45-19 09:45:34.810] 
FAILURE: test
[2018-45-19 09:45:34.811] 
FAILURE: test
[2018-45-19 09:45:34.811] 
FAILURE: test
[2018-45-19 09:45:34.811] 
FAILURE: test
[2018-45-19 09:45:34.812] 
FAILURE: test
[2018-45-19 09:45:34.812] 
FAILURE: test
[2018-45-19 09:45:34.812] 
FAILURE: test
[2018-45-19 09:45:34.812] 
FAILURE: test
[2018-45-19 09:45:34.812] 
FAILURE: test
[2018-45-19 09:45:34.812] 
FAILURE: test
[2018-45-19 09:45:34.812] 
FAILURE: test
[2018-45-19 09:45:34.813] 
FAILURE: test
[2018-45-19 09:45:34.813] 
FAILURE: test
[2018-45-19 09:45:34.813] 
FAILURE: test
[2018-45-19 09:45:34.813] 
FAILURE: test
[2018-13-23 02:13:34.664] 
FAILURE: java.lang.NoSuchMethodException: tiles.FloorTile.<init>(nl.han.ica.oopg.objects.Sprite)
[2018-13-23 02:13:34.664] 
FAILURE: java.lang.NoSuchMethodException: tiles.FloorTile.<init>(nl.han.ica.oopg.objects.Sprite)
[2018-13-23 02:13:34.665] 
FAILURE: java.lang.NoSuchMethodException: tiles.FloorTile.<init>(nl.han.ica.oopg.objects.Sprite)
[2018-13-23 02:13:34.665] 
FAILURE: java.lang.NoSuchMethodException: tiles.FloorTile.<init>(nl.han.ica.oopg.objects.Sprite)
[2018-13-23 02:13:34.665] 
FAILURE: java.lang.NoSuchMethodException: tiles.FloorTile.<init>(nl.han.ica.oopg.objects.Sprite)
[2018-13-23 02:13:34.665] 
FAILURE: java.lang.NoSuchMethodException: tiles.FloorTile.<init>(nl.han.ica.oopg.objects.Sprite)
[2018-14-23 02:14:07.867] 
FAILURE: java.lang.NoSuchMethodException: tiles.FloorTile.<init>(nl.han.ica.oopg.objects.Sprite)
[2018-14-23 02:14:07.868] 
FAILURE: java.lang.NoSuchMethodException: tiles.FloorTile.<init>(nl.han.ica.oopg.objects.Sprite)
[2018-14-23 02:14:07.868] 
FAILURE: java.lang.NoSuchMethodException: tiles.FloorTile.<init>(nl.han.ica.oopg.objects.Sprite)
[2018-14-23 02:14:07.869] 
FAILURE: java.lang.NoSuchMethodException: tiles.FloorTile.<init>(nl.han.ica.oopg.objects.Sprite)
[2018-14-23 02:14:07.869] 
FAILURE: java.lang.NoSuchMethodException: tiles.FloorTile.<init>(nl.han.ica.oopg.objects.Sprite)
[2018-14-23 02:14:07.869] 
FAILURE: java.lang.NoSuchMethodException: tiles.FloorTile.<init>(nl.han.ica.oopg.objects.Sprite)
[2018-14-23 02:14:35.395] 
FAILURE: java.lang.NoSuchMethodException: tiles.FloorTile.<init>(nl.han.ica.oopg.objects.Sprite)
[2018-14-23 02:14:35.396] 
FAILURE: java.lang.NoSuchMethodException: tiles.FloorTile.<init>(nl.han.ica.oopg.objects.Sprite)
[2018-14-23 02:14:35.396] 
FAILURE: java.lang.NoSuchMethodException: tiles.FloorTile.<init>(nl.han.ica.oopg.objects.Sprite)
[2018-14-23 02:14:35.396] 
FAILURE: java.lang.NoSuchMethodException: tiles.FloorTile.<init>(nl.han.ica.oopg.objects.Sprite)
[2018-15-23 02:15:39.58] 
FAILURE: java.lang.NoSuchMethodException: tiles.FloorTile.<init>(nl.han.ica.oopg.objects.Sprite)
[2018-15-23 02:15:39.59] 
FAILURE: java.lang.NoSuchMethodException: tiles.FloorTile.<init>(nl.han.ica.oopg.objects.Sprite)
[2018-15-23 02:15:39.59] 
FAILURE: java.lang.NoSuchMethodException: tiles.FloorTile.<init>(nl.han.ica.oopg.objects.Sprite)
[2018-15-23 02:15:39.59] 
FAILURE: java.lang.NoSuchMethodException: tiles.FloorTile.<init>(nl.han.ica.oopg.objects.Sprite)
[2018-16-23 02:16:13.700] 
FAILURE: java.lang.NoSuchMethodException: tiles.FloorTile.<init>(nl.han.ica.oopg.objects.Sprite)
[2018-16-23 02:16:13.700] 
FAILURE: java.lang.NoSuchMethodException: tiles.FloorTile.<init>(nl.han.ica.oopg.objects.Sprite)
[2018-16-23 02:16:13.701] 
FAILURE: java.lang.NoSuchMethodException: tiles.FloorTile.<init>(nl.han.ica.oopg.objects.Sprite)
[2018-16-23 02:16:13.701] 
FAILURE: java.lang.NoSuchMethodException: tiles.FloorTile.<init>(nl.han.ica.oopg.objects.Sprite)
[2018-16-23 02:16:13.701] 
FAILURE: java.lang.NoSuchMethodException: tiles.FloorTile.<init>(nl.han.ica.oopg.objects.Sprite)
[2018-16-23 02:16:13.701] 
FAILURE: java.lang.NoSuchMethodException: tiles.FloorTile.<init>(nl.han.ica.oopg.objects.Sprite)
[2018-16-23 02:16:13.701] 
FAILURE: java.lang.NoSuchMethodException: tiles.FloorTile.<init>(nl.han.ica.oopg.objects.Sprite)
[2018-16-23 02:16:13.701] 
FAILURE: java.lang.NoSuchMethodException: tiles.FloorTile.<init>(nl.han.ica.oopg.objects.Sprite)
[2018-16-23 02:16:13.703] 
FAILURE: java.lang.NoSuchMethodException: tiles.FloorTile.<init>(nl.han.ica.oopg.objects.Sprite)
[2018-16-23 02:16:13.704] 
FAILURE: java.lang.NoSuchMethodException: tiles.FloorTile.<init>(nl.han.ica.oopg.objects.Sprite)
[2018-16-23 02:16:13.704] 
FAILURE: java.lang.NoSuchMethodException: tiles.FloorTile.<init>(nl.han.ica.oopg.objects.Sprite)
[2018-16-23 02:16:13.704] 
FAILURE: java.lang.NoSuchMethodException: tiles.FloorTile.<init>(nl.han.ica.oopg.objects.Sprite)
[2018-16-23 02:16:13.704] 
FAILURE: java.lang.NoSuchMethodException: tiles.FloorTile.<init>(nl.han.ica.oopg.objects.Sprite)
[2018-16-23 02:16:13.704] 
FAILURE: java.lang.NoSuchMethodException: tiles.FloorTile.<init>(nl.han.ica.oopg.objects.Sprite)
[2018-16-23 02:16:13.704] 
FAILURE: java.lang.NoSuchMethodException: tiles.FloorTile.<init>(nl.han.ica.oopg.objects.Sprite)
[2018-16-23 02:16:13.704] 
FAILURE: java.lang.NoSuchMethodException: tiles.FloorTile.<init>(nl.han.ica.oopg.objects.Sprite)
[2018-16-23 02:16:13.705] 
FAILURE: java.lang.NoSuchMethodException: tiles.FloorTile.<init>(nl.han.ica.oopg.objects.Sprite)
[2018-16-23 02:16:13.705] 
FAILURE: java.lang.NoSuchMethodException: tiles.FloorTile.<init>(nl.han.ica.oopg.objects.Sprite)
[2018-16-23 02:16:13.705] 
FAILURE: java.lang.NoSuchMethodException: tiles.FloorTile.<init>(nl.han.ica.oopg.objects.Sprite)
[2018-16-23 02:16:13.705] 
FAILURE: java.lang.NoSuchMethodException: tiles.FloorTile.<init>(nl.han.ica.oopg.objects.Sprite)
[2018-16-23 02:16:13.705] 
FAILURE: java.lang.NoSuchMethodException: tiles.FloorTile.<init>(nl.han.ica.oopg.objects.Sprite)
[2018-16-23 02:16:13.705] 
FAILURE: java.lang.NoSuchMethodException: tiles.FloorTile.<init>(nl.han.ica.oopg.objects.Sprite)
[2018-16-23 02:16:13.705] 
FAILURE: java.lang.NoSuchMethodException: tiles.FloorTile.<init>(nl.han.ica.oopg.objects.Sprite)
[2018-16-23 02:16:13.705] 
FAILURE: java.lang.NoSuchMethodException: tiles.FloorTile.<init>(nl.han.ica.oopg.objects.Sprite)
[2018-34-23 02:34:29.973] 
FAILURE: java.lang.NoSuchMethodException: tiles.FloorTile.<init>(nl.han.ica.oopg.objects.Sprite)
[2018-34-23 02:34:29.974] 
FAILURE: java.lang.NoSuchMethodException: tiles.FloorTile.<init>(nl.han.ica.oopg.objects.Sprite)
[2018-34-23 02:34:29.974] 
FAILURE: java.lang.NoSuchMethodException: tiles.FloorTile.<init>(nl.han.ica.oopg.objects.Sprite)
[2018-34-23 02:34:29.974] 
FAILURE: java.lang.NoSuchMethodException: tiles.FloorTile.<init>(nl.han.ica.oopg.objects.Sprite)
[2018-34-23 02:34:29.974] 
FAILURE: java.lang.NoSuchMethodException: tiles.FloorTile.<init>(nl.han.ica.oopg.objects.Sprite)
[2018-34-23 02:34:29.974] 
FAILURE: java.lang.NoSuchMethodException: tiles.FloorTile.<init>(nl.han.ica.oopg.objects.Sprite)
[2018-34-23 02:34:29.975] 
FAILURE: java.lang.NoSuchMethodException: tiles.FloorTile.<init>(nl.han.ica.oopg.objects.Sprite)
[2018-34-23 02:34:29.975] 
FAILURE: java.lang.NoSuchMethodException: tiles.FloorTile.<init>(nl.han.ica.oopg.objects.Sprite)
[2018-34-23 02:34:29.976] 
FAILURE: java.lang.NoSuchMethodException: tiles.FloorTile.<init>(nl.han.ica.oopg.objects.Sprite)
[2018-34-23 02:34:29.977] 
FAILURE: java.lang.NoSuchMethodException: tiles.FloorTile.<init>(nl.han.ica.oopg.objects.Sprite)
[2018-34-23 02:34:29.977] 
FAILURE: java.lang.NoSuchMethodException: tiles.FloorTile.<init>(nl.han.ica.oopg.objects.Sprite)
[2018-34-23 02:34:29.977] 
FAILURE: java.lang.NoSuchMethodException: tiles.FloorTile.<init>(nl.han.ica.oopg.objects.Sprite)
[2018-34-23 02:34:29.977] 
FAILURE: java.lang.NoSuchMethodException: tiles.FloorTile.<init>(nl.han.ica.oopg.objects.Sprite)
[2018-34-23 02:34:29.977] 
FAILURE: java.lang.NoSuchMethodException: tiles.FloorTile.<init>(nl.han.ica.oopg.objects.Sprite)
[2018-34-23 02:34:29.977] 
FAILURE: java.lang.NoSuchMethodException: tiles.FloorTile.<init>(nl.han.ica.oopg.objects.Sprite)
[2018-34-23 02:34:29.977] 
FAILURE: java.lang.NoSuchMethodException: tiles.FloorTile.<init>(nl.han.ica.oopg.objects.Sprite)
[2018-34-23 02:34:29.977] 
FAILURE: java.lang.NoSuchMethodException: tiles.FloorTile.<init>(nl.han.ica.oopg.objects.Sprite)
[2018-34-23 02:34:29.978] 
FAILURE: java.lang.NoSuchMethodException: tiles.FloorTile.<init>(nl.han.ica.oopg.objects.Sprite)
[2018-34-23 02:34:29.978] 
FAILURE: java.lang.NoSuchMethodException: tiles.FloorTile.<init>(nl.han.ica.oopg.objects.Sprite)
[2018-34-23 02:34:29.978] 
FAILURE: java.lang.NoSuchMethodException: tiles.FloorTile.<init>(nl.han.ica.oopg.objects.Sprite)
[2018-34-23 02:34:29.978] 
FAILURE: java.lang.NoSuchMethodException: tiles.FloorTile.<init>(nl.han.ica.oopg.objects.Sprite)
[2018-34-23 02:34:29.978] 
FAILURE: java.lang.NoSuchMethodException: tiles.FloorTile.<init>(nl.han.ica.oopg.objects.Sprite)
[2018-34-23 02:34:29.978] 
FAILURE: java.lang.NoSuchMethodException: tiles.FloorTile.<init>(nl.han.ica.oopg.objects.Sprite)
[2018-34-23 02:34:29.978] 
FAILURE: java.lang.NoSuchMethodException: tiles.FloorTile.<init>(nl.han.ica.oopg.objects.Sprite)
[2018-12-23 03:12:21.35] 
FAILURE: java.lang.NullPointerException
[2021-50-03 11:50:32.652] 
FAILURE: test
[2021-50-03 11:50:32.652] 
FAILURE: test
[2021-56-03 11:56:22.831] 
FAILURE: test
[2021-56-03 11:56:22.831] 
FAILURE: test
[2021-56-03 11:56:22.831] 
FAILURE: test
[2021-56-03 11:56:22.831] 
FAILURE: test
[2021-56-03 11:56:22.831] 
FAILURE: test
[2021-56-03 11:56:22.831] 
FAILURE: test
[2021-56-03 11:56:22.832] 
FAILURE: test
[2021-56-03 11:56:22.832] 
FAILURE: test
[2021-56-03 11:56:22.832] 
FAILURE: test
[2021-56-03 11:56:22.832] 
FAILURE: test
[2021-56-03 11:56:22.832] 
FAILURE: test
[2021-56-03 11:56:22.832] 
FAILURE: test
[2021-56-03 11:56:22.832] 
FAILURE: test
[2021-56-03 11:56:22.832] 
FAILURE: test
[2021-56-03 11:56:22.832] 
FAILURE: test
[2021-56-03 11:56:22.832] 
FAILURE: test
[2021-56-03 11:56:22.832] 
FAILURE: test
[2021-56-03 11:56:22.832] 
FAILURE: test
[2021-56-03 11:56:22.832] 
FAILURE: test
[2021-56-03 11:56:22.832] 
FAILURE: test
[2021-56-03 11:56:22.833] 
FAILURE: test
[2021-56-03 11:56:22.833] 
FAILURE: test
[2021-56-03 11:56:22.833] 
FAILURE: test
[2021-56-03 11:56:22.833] 
FAILURE: test
[2021-56-03 11:56:22.833] 
FAILURE: test
[2021-56-03 11:56:22.833] 
FAILURE: test
[2021-56-03 11:56:22.833] 
FAILURE: test
[2021-56-03 11:56:22.833] 
FAILURE: test
[2021-56-03 11:56:22.833] 
FAILURE: test
[2021-56-03 11:56:22.833] 
FAILURE: test
[2021-56-03 11:56:22.833] 
FAILURE: test
[2021-56-03 11:56:22.833] 
FAILURE: test
[2021-56-03 11:56:22.833] 
FAILURE: test
[2021-56-03 11:56:22.833] 
FAILURE: test
[2021-56-03 11:56:22.833] 
FAILURE: test
[2021-56-03 11:56:22.834] 
FAILURE: test
[2021-56-03 11:56:22.834] 
FAILURE: test
[2021-56-03 11:56:22.834] 
FAILURE: test
[2021-56-03 11:56:22.834] 
FAILURE: test
[2021-56-03 11:56:22.834] 
FAILURE: test
[2021-56-03 11:56:22.834] 
FAILURE: test
[2021-56-03 11:56:22.834] 
FAILURE: test
[2021-56-03 11:56:22.834] 
FAILURE: test
[2021-56-03 11:56:22.834] 
FAILURE: test
[2021-56-03 11:56:22.834] 
FAILURE: test
[2021-56-03 11:56:22.834] 
FAILURE: test
[2021-56-03 11:56:22.834] 
FAILURE: test
[2021-56-03 11:56:22.834] 
FAILURE: test
[2021-56-03 11:56:22.834] 
FAILURE: test
[2021-56-03 11:56:22.835] 
FAILURE: test
[2021-56-03 11:56:22.835] 
FAILURE: test
[2021-56-03 11:56:22.835] 
FAILURE: test
[2021-56-03 11:56:22.835] 
FAILURE: test
[2021-56-03 11:56:22.835] 
FAILURE: test
[2021-56-03 11:56:22.835] 
FAILURE: test
[2021-56-03 11:56:22.835] 
FAILURE: test
[2021-56-03 11:56:22.835] 
FAILURE: test
[2021-56-03 11:56:22.835] 
FAILURE: test
[2021-56-03 11:56:22.835] 
FAILURE: test
[2021-56-03 11:56:22.835] 
FAILURE: test
[2021-56-03 11:56:22.835] 
FAILURE: test
[2021-56-03 11:56:22.835] 
FAILURE: test
[2021-56-03 11:56:22.835] 
FAILURE: test
[2021-56-03 11:56:22.835] 
FAILURE: test
[2021-56-03 11:56:22.836] 
FAILURE: test
[2021-56-03 11:56:22.836] 
FAILURE: test
[2021-56-03 11:56:22.836] 
FAILURE: test
[2021-56-03 11:56:22.836] 
FAILURE: test
[2021-56-03 11:56:22.836] 
FAILURE: test
[2021-56-03 11:56:22.836] 
FAILURE: test
[2021-11-04 12:11:22.147] 
FAILURE: test
[2021-11-04 12:11:22.147] 
FAILURE: test
[2021-11-04 12:11:22.147] 
FAILURE: test
[2021-11-04 12:11:22.147] 
FAILURE: test
[2021-11-04 12:11:22.147] 
FAILURE: test
[2021-11-04 12:11:22.148] 
FAILURE: test
[2021-11-04 12:11:22.148] 
FAILURE: test
[2021-11-04 12:11:22.148] 
FAILURE: test
[2021-11-04 12:11:22.148] 
FAILURE: test
[2021-11-04 12:11:22.148] 
FAILURE: test
[2021-11-04 12:11:22.148] 
FAILURE: test
[2021-11-04 12:11:22.148] 
FAILURE: test
[2021-11-04 12:11:22.148] 
FAILURE: test
[2021-11-04 12:11:22.148] 
FAILURE: test
[2021-11-04 12:11:22.148] 
FAILURE: test
[2021-11-04 12:11:22.148] 
FAILURE: test
[2021-11-04 12:11:22.148] 
FAILURE: test
[2021-11-04 12:11:22.148] 
FAILURE: test
[2021-11-04 12:11:22.148] 
FAILURE: test
[2021-11-04 12:11:22.149] 
FAILURE: test
[2021-11-04 12:11:22.149] 
FAILURE: test
[2021-11-04 12:11:22.149] 
FAILURE: test
[2021-11-04 12:11:22.149] 
FAILURE: test
[2021-11-04 12:11:22.149] 
FAILURE: test
[2021-11-04 12:11:22.149] 
FAILURE: test
[2021-11-04 12:11:22.149] 
FAILURE: test
[2021-11-04 12:11:22.149] 
FAILURE: test
[2021-11-04 12:11:22.149] 
FAILURE: test
[2021-11-04 12:11:22.149] 
FAILURE: test
[2021-11-04 12:11:22.149] 
FAILURE: test
[2021-11-04 12:11:22.149] 
FAILURE: test
[2021-11-04 12:11:22.149] 
FAILURE: test
[2021-11-04 12:11:22.149] 
FAILURE: test
[2021-11-04 12:11:22.149] 
FAILURE: test
[2021-11-04 12:11:22.150] 
FAILURE: test
[2021-11-04 12:11:22.150] 
FAILURE: test
[2021-11-04 12:11:22.150] 
FAILURE: test
[2021-11-04 12:11:22.150] 
FAILURE: test
[2021-11-04 12:11:22.150] 
FAILURE: test
[2021-11-04 12:11:22.150] 
FAILURE: test
[2021-11-04 12:11:22.150] 
FAILURE: test
[2021-11-04 12:11:22.150] 
FAILURE: test
[2021-11-04 12:11:22.150] 
FAILURE: test
[2021-11-04 12:11:22.150] 
FAILURE: test
[2021-11-04 12:11:22.150] 
FAILURE: test
[2021-11-04 12:11:22.150] 
FAILURE: test
[2021-11-04 12:11:22.150] 
FAILURE: test
[2021-11-04 12:11:22.150] 
FAILURE: test
[2021-11-04 12:11:22.150] 
FAILURE: test
[2021-11-04 12:11:22.151] 
FAILURE: test
[2021-11-04 12:11:22.151] 
FAILURE: test
[2021-11-04 12:11:22.151] 
FAILURE: test
[2021-11-04 12:11:22.151] 
FAILURE: test
[2021-11-04 12:11:22.151] 
FAILURE: test
[2021-11-04 12:11:22.151] 
FAILURE: test
[2021-11-04 12:11:22.151] 
FAILURE: test
[2021-11-04 12:11:22.151] 
FAILURE: test
[2021-11-04 12:11:22.151] 
FAILURE: test
[2021-11-04 12:11:22.151] 
FAILURE: test
[2021-11-04 12:11:22.151] 
FAILURE: test
[2021-11-04 12:11:22.151] 
FAILURE: test
[2021-11-04 12:11:22.151] 
FAILURE: test
[2021-11-04 12:11:22.151] 
FAILURE: test
[2021-11-04 12:11:22.151] 
FAILURE: test
[2021-11-04 12:11:22.152] 
FAILURE: test
[2021-11-04 12:11:22.152] 
FAILURE: test
[2021-11-04 12:11:22.152] 
FAILURE: test
[2021-11-04 12:11:22.152] 
FAILURE: test
[2021-11-04 12:11:22.152] 
FAILURE: test
[2021-11-04 12:11:22.152] 
FAILURE: test
[2021-11-04 12:11:48.456] 
FAILURE: test
[2021-11-04 12:11:48.457] 
FAILURE: test
[2021-11-04 12:11:48.457] 
FAILURE: test
[2021-11-04 12:11:48.457] 
FAILURE: test
[2021-11-04 12:11:48.457] 
FAILURE: test
[2021-11-04 12:11:48.457] 
FAILURE: test
[2021-11-04 12:11:48.457] 
FAILURE: test
[2021-11-04 12:11:48.457] 
FAILURE: test
[2021-11-04 12:11:48.457] 
FAILURE: test
[2021-11-04 12:11:48.457] 
FAILURE: test
[2021-11-04 12:11:48.457] 
FAILURE: test
[2021-11-04 12:11:48.457] 
FAILURE: test
[2021-11-04 12:11:48.457] 
FAILURE: test
[2021-11-04 12:11:48.457] 
FAILURE: test
[2021-11-04 12:11:48.457] 
FAILURE: test
[2021-11-04 12:11:48.457] 
FAILURE: test
[2021-11-04 12:11:48.458] 
FAILURE: test
[2021-11-04 12:11:48.458] 
FAILURE: test
[2021-11-04 12:11:48.458] 
FAILURE: test
[2021-11-04 12:11:48.458] 
FAILURE: test
[2021-11-04 12:11:48.458] 
FAILURE: test
[2021-11-04 12:11:48.458] 
FAILURE: test
[2021-11-04 12:11:48.458] 
FAILURE: test
[2021-11-04 12:11:48.458] 
FAILURE: test
[2021-11-04 12:11:48.458] 
FAILURE: test
[2021-11-04 12:11:48.458] 
FAILURE: test
[2021-11-04 12:11:48.458] 
FAILURE: test
[2021-11-04 12:11:48.458] 
FAILURE: test
[2021-11-04 12:11:48.458] 
FAILURE: test
[2021-11-04 12:11:48.458] 
FAILURE: test
[2021-11-04 12:11:48.458] 
FAILURE: test
[2021-11-04 12:11:48.459] 
FAILURE: test
[2021-11-04 12:11:48.459] 
FAILURE: test
[2021-11-04 12:11:48.459] 
FAILURE: test
[2021-11-04 12:11:48.459] 
FAILURE: test
[2021-11-04 12:11:48.459] 
FAILURE: test
[2021-11-04 12:11:48.459] 
FAILURE: test
[2021-11-04 12:11:48.459] 
FAILURE: test
[2021-11-04 12:11:48.459] 
FAILURE: test
[2021-11-04 12:11:48.459] 
FAILURE: test
[2021-11-04 12:11:48.459] 
FAILURE: test
[2021-11-04 12:11:48.459] 
FAILURE: test
[2021-11-04 12:11:48.459] 
FAILURE: test
[2021-11-04 12:11:48.459] 
FAILURE: test
[2021-11-04 12:11:48.459] 
FAILURE: test
[2021-11-04 12:11:48.460] 
FAILURE: test
[2021-11-04 12:11:48.460] 
FAILURE: test
[2021-11-04 12:11:48.460] 
FAILURE: test
[2021-11-04 12:11:48.460] 
FAILURE: test
[2021-11-04 12:11:48.460] 
FAILURE: test
[2021-11-04 12:11:48.460] 
FAILURE: test
[2021-11-04 12:11:48.460] 
FAILURE: test
[2021-11-04 12:11:48.460] 
FAILURE: test
[2021-11-04 12:11:48.460] 
FAILURE: test
[2021-11-04 12:11:48.460] 
FAILURE: test
[2021-11-04 12:11:48.460] 
FAILURE: test
[2021-11-04 12:11:48.460] 
FAILURE: test
[2021-11-04 12:11:48.460] 
FAILURE: test
[2021-11-04 12:11:48.460] 
FAILURE: test
[2021-11-04 12:11:48.461] 
FAILURE: test
[2021-11-04 12:11:48.461] 
FAILURE: test
[2021-11-04 12:11:48.461] 
FAILURE: test
[2021-11-04 12:11:48.461] 
FAILURE: test
[2021-11-04 12:11:48.461] 
FAILURE: test
[2021-11-04 12:11:48.461] 
FAILURE: test
[2021-11-04 12:11:48.461] 
FAILURE: test
[2021-11-04 12:11:48.461] 
FAILURE: test
[2021-11-04 12:11:48.461] 
FAILURE: test
[2021-11-04 12:11:48.461] 
FAILURE: test
[2021-11-04 12:11:48.461] 
FAILURE: test
[2021-14-04 12:14:50.339] 
FAILURE: test
[2021-14-04 12:14:50.339] 
FAILURE: test
[2021-14-04 12:14:50.340] 
FAILURE: test
[2021-14-04 12:14:50.340] 
FAILURE: test
[2021-14-04 12:14:50.340] 
FAILURE: test
[2021-14-04 12:14:50.340] 
FAILURE: test
[2021-14-04 12:14:50.340] 
FAILURE: test
[2021-14-04 12:14:50.340] 
FAILURE: test
[2021-14-04 12:14:50.340] 
FAILURE: test
[2021-14-04 12:14:50.340] 
FAILURE: test
[2021-14-04 12:14:50.340] 
FAILURE: test
[2021-14-04 12:14:50.340] 
FAILURE: test
[2021-14-04 12:14:50.341] 
FAILURE: test
[2021-14-04 12:14:50.341] 
FAILURE: test
[2021-14-04 12:14:50.341] 
FAILURE: test
[2021-14-04 12:14:50.341] 
FAILURE: test
[2021-14-04 12:14:50.341] 
FAILURE: test
[2021-14-04 12:14:50.341] 
FAILURE: test
[2021-14-04 12:14:50.341] 
FAILURE: test
[2021-14-04 12:14:50.342] 
FAILURE: test
[2021-14-04 12:14:50.342] 
FAILURE: test
[2021-14-04 12:14:50.342] 
FAILURE: test
[2021-14-04 12:14:50.342] 
FAILURE: test
[2021-14-04 12:14:50.342] 
FAILURE: test
[2021-14-04 12:14:50.342] 
FAILURE: test
[2021-14-04 12:14:50.342] 
FAILURE: test
[2021-14-04 12:14:50.342] 
FAILURE: test
[2021-14-04 12:14:50.342] 
FAILURE: test
[2021-14-04 12:14:50.342] 
FAILURE: test
[2021-14-04 12:14:50.342] 
FAILURE: test
[2021-14-04 12:14:50.342] 
FAILURE: test
[2021-14-04 12:14:50.342] 
FAILURE: test
[2021-14-04 12:14:50.342] 
FAILURE: test
[2021-14-04 12:14:50.343] 
FAILURE: test
[2021-14-04 12:14:50.343] 
FAILURE: test
[2021-14-04 12:14:50.343] 
FAILURE: test
[2021-14-04 12:14:50.343] 
FAILURE: test
[2021-14-04 12:14:50.343] 
FAILURE: test
[2021-14-04 12:14:50.343] 
FAILURE: test
[2021-14-04 12:14:50.343] 
FAILURE: test
[2021-14-04 12:14:50.343] 
FAILURE: test
[2021-14-04 12:14:50.343] 
FAILURE: test
[2021-14-04 12:14:50.343] 
FAILURE: test
[2021-14-04 12:14:50.343] 
FAILURE: test
[2021-14-04 12:14:50.343] 
FAILURE: test
[2021-14-04 12:14:50.343] 
FAILURE: test
[2021-14-04 12:14:50.343] 
FAILURE: test
[2021-14-04 12:14:50.344] 
FAILURE: test
[2021-14-04 12:14:50.344] 
FAILURE: test
[2021-14-04 12:14:50.344] 
FAILURE: test
[2021-14-04 12:14:50.344] 
FAILURE: test
[2021-14-04 12:14:50.344] 
FAILURE: test
[2021-14-04 12:14:50.344] 
FAILURE: test
[2021-14-04 12:14:50.344] 
FAILURE: test
[2021-14-04 12:14:50.344] 
FAILURE: test
[2021-14-04 12:14:50.344] 
FAILURE: test
[2021-14-04 12:14:50.344] 
FAILURE: test
[2021-14-04 12:14:50.344] 
FAILURE: test
[2021-14-04 12:14:50.344] 
FAILURE: test
[2021-14-04 12:14:50.344] 
FAILURE: test
[2021-14-04 12:14:50.344] 
FAILURE: test
[2021-14-04 12:14:50.345] 
FAILURE: test
[2021-14-04 12:14:50.345] 
FAILURE: test
[2021-14-04 12:14:50.345] 
FAILURE: test
[2021-14-04 12:14:50.345] 
FAILURE: test
[2021-14-04 12:14:50.345] 
FAILURE: test
[2021-14-04 12:14:50.345] 
FAILURE: test
[2021-14-04 12:14:50.345] 
FAILURE: test
[2021-14-04 12:14:50.345] 
FAILURE: test
[2021-14-04 12:14:50.345] 
FAILURE: test
[2021-25-04 12:25:44.47] 
FAILURE: test
[2021-25-04 12:25:44.48] 
FAILURE: test
[2021-25-04 12:25:44.48] 
FAILURE: test
[2021-25-04 12:25:44.48] 
FAILURE: test
[2021-25-04 12:25:44.48] 
FAILURE: test
[2021-25-04 12:25:44.48] 
FAILURE: test
[2021-25-04 12:25:44.48] 
FAILURE: test
[2021-25-04 12:25:44.48] 
FAILURE: test
[2021-25-04 12:25:44.48] 
FAILURE: test
[2021-25-04 12:25:44.48] 
FAILURE: test
[2021-25-04 12:25:44.48] 
FAILURE: test
[2021-25-04 12:25:44.48] 
FAILURE: test
[2021-25-04 12:25:44.49] 
FAILURE: test
[2021-25-04 12:25:44.49] 
FAILURE: test
[2021-25-04 12:25:44.49] 
FAILURE: test
[2021-25-04 12:25:44.49] 
FAILURE: test
[2021-25-04 12:25:44.50] 
FAILURE: test
[2021-25-04 12:25:44.50] 
FAILURE: test
[2021-25-04 12:25:44.50] 
FAILURE: test
[2021-25-04 12:25:44.50] 
FAILURE: test
[2021-25-04 12:25:44.50] 
FAILURE: test
[2021-25-04 12:25:44.50] 
FAILURE: test
[2021-25-04 12:25:44.50] 
FAILURE: test
[2021-25-04 12:25:44.50] 
FAILURE: test
[2021-25-04 12:25:44.50] 
FAILURE: test
[2021-25-04 12:25:44.50] 
FAILURE: test
[2021-25-04 12:25:44.50] 
FAILURE: test
[2021-25-04 12:25:44.50] 
FAILURE: test
[2021-25-04 12:25:44.50] 
FAILURE: test
[2021-25-04 12:25:44.50] 
FAILURE: test
[2021-25-04 12:25:44.50] 
FAILURE: test
[2021-25-04 12:25:44.51] 
FAILURE: test
[2021-25-04 12:25:44.51] 
FAILURE: test
[2021-25-04 12:25:44.51] 
FAILURE: test
[2021-25-04 12:25:44.51] 
FAILURE: test
[2021-25-04 12:25:44.51] 
FAILURE: test
[2021-25-04 12:25:44.51] 
FAILURE: test
[2021-25-04 12:25:44.51] 
FAILURE: test
[2021-25-04 12:25:44.51] 
FAILURE: test
[2021-25-04 12:25:44.51] 
FAILURE: test
[2021-25-04 12:25:44.51] 
FAILURE: test
[2021-25-04 12:25:44.51] 
FAILURE: test
[2021-25-04 12:25:44.51] 
FAILURE: test
[2021-25-04 12:25:44.51] 
FAILURE: test
[2021-25-04 12:25:44.51] 
FAILURE: test
[2021-25-04 12:25:44.52] 
FAILURE: test
[2021-25-04 12:25:44.52] 
FAILURE: test
[2021-25-04 12:25:44.52] 
FAILURE: test
[2021-25-04 12:25:44.52] 
FAILURE: test
[2021-25-04 12:25:44.52] 
FAILURE: test
[2021-25-04 12:25:44.52] 
FAILURE: test
[2021-25-04 12:25:44.52] 
FAILURE: test
[2021-25-04 12:25:44.52] 
FAILURE: test
[2021-25-04 12:25:44.52] 
FAILURE: test
[2021-25-04 12:25:44.52] 
FAILURE: test
[2021-25-04 12:25:44.52] 
FAILURE: test
[2021-25-04 12:25:44.52] 
FAILURE: test
[2021-25-04 12:25:44.52] 
FAILURE: test
[2021-25-04 12:25:44.52] 
FAILURE: test
[2021-25-04 12:25:44.52] 
FAILURE: test
[2021-25-04 12:25:44.53] 
FAILURE: test
[2021-25-04 12:25:44.53] 
FAILURE: test
[2021-25-04 12:25:44.53] 
FAILURE: test
[2021-25-04 12:25:44.53] 
FAILURE: test
[2021-25-04 12:25:44.53] 
FAILURE: test
[2021-25-04 12:25:44.53] 
FAILURE: test
[2021-25-04 12:25:44.53] 
FAILURE: test
[2021-25-04 12:25:44.53] 
FAILURE: test
[2021-25-04 12:25:44.53] 
FAILURE: test
[2021-25-04 12:25:44.53] 
FAILURE: test
[2021-34-04 12:34:24.177] 
FAILURE: test
[2021-34-04 12:34:24.177] 
FAILURE: test
[2021-34-04 12:34:24.177] 
FAILURE: test
[2021-34-04 12:34:24.178] 
FAILURE: test
[2021-34-04 12:34:24.178] 
FAILURE: test
[2021-34-04 12:34:24.178] 
FAILURE: test
[2021-34-04 12:34:24.178] 
FAILURE: test
[2021-34-04 12:34:24.178] 
FAILURE: test
[2021-34-04 12:34:24.178] 
FAILURE: test
[2021-34-04 12:34:24.178] 
FAILURE: test
[2021-34-04 12:34:24.178] 
FAILURE: test
[2021-34-04 12:34:24.178] 
FAILURE: test
[2021-34-04 12:34:24.178] 
FAILURE: test
[2021-34-04 12:34:24.178] 
FAILURE: test
[2021-34-04 12:34:24.178] 
FAILURE: test
[2021-34-04 12:34:24.178] 
FAILURE: test
[2021-34-04 12:34:24.178] 
FAILURE: test
[2021-34-04 12:34:24.179] 
FAILURE: test
[2021-34-04 12:34:24.179] 
FAILURE: test
[2021-34-04 12:34:24.179] 
FAILURE: test
[2021-34-04 12:34:24.179] 
FAILURE: test
[2021-34-04 12:34:24.179] 
FAILURE: test
[2021-34-04 12:34:24.179] 
FAILURE: test
[2021-34-04 12:34:24.179] 
FAILURE: test
[2021-34-04 12:34:24.179] 
FAILURE: test
[2021-34-04 12:34:24.179] 
FAILURE: test
[2021-34-04 12:34:24.179] 
FAILURE: test
[2021-34-04 12:34:24.179] 
FAILURE: test
[2021-34-04 12:34:24.179] 
FAILURE: test
[2021-34-04 12:34:24.179] 
FAILURE: test
[2021-34-04 12:34:24.179] 
FAILURE: test
[2021-34-04 12:34:24.180] 
FAILURE: test
[2021-34-04 12:34:24.180] 
FAILURE: test
[2021-34-04 12:34:24.180] 
FAILURE: test
[2021-34-04 12:34:24.180] 
FAILURE: test
[2021-34-04 12:34:24.180] 
FAILURE: test
[2021-34-04 12:34:24.180] 
FAILURE: test
[2021-34-04 12:34:24.180] 
FAILURE: test
[2021-34-04 12:34:24.180] 
FAILURE: test
[2021-34-04 12:34:24.180] 
FAILURE: test
[2021-34-04 12:34:24.180] 
FAILURE: test
[2021-34-04 12:34:24.180] 
FAILURE: test
[2021-34-04 12:34:24.180] 
FAILURE: test
[2021-34-04 12:34:24.180] 
FAILURE: test
[2021-34-04 12:34:24.181] 
FAILURE: test
[2021-34-04 12:34:24.181] 
FAILURE: test
[2021-34-04 12:34:24.181] 
FAILURE: test
[2021-34-04 12:34:24.181] 
FAILURE: test
[2021-34-04 12:34:24.181] 
FAILURE: test
[2021-34-04 12:34:24.181] 
FAILURE: test
[2021-34-04 12:34:24.181] 
FAILURE: test
[2021-34-04 12:34:24.181] 
FAILURE: test
[2021-34-04 12:34:24.181] 
FAILURE: test
[2021-34-04 12:34:24.181] 
FAILURE: test
[2021-34-04 12:34:24.181] 
FAILURE: test
[2021-34-04 12:34:24.181] 
FAILURE: test
[2021-34-04 12:34:24.181] 
FAILURE: test
[2021-34-04 12:34:24.181] 
FAILURE: test
[2021-34-04 12:34:24.182] 
FAILURE: test
[2021-34-04 12:34:24.182] 
FAILURE: test
[2021-34-04 12:34:24.182] 
FAILURE: test
[2021-34-04 12:34:24.182] 
FAILURE: test
[2021-34-04 12:34:24.182] 
FAILURE: test
[2021-34-04 12:34:24.182] 
FAILURE: test
[2021-34-04 12:34:24.182] 
FAILURE: test
[2021-34-04 12:34:24.182] 
FAILURE: test
[2021-34-04 12:34:24.182] 
FAILURE: test
[2021-34-04 12:34:24.182] 
FAILURE: test
[2021-34-04 12:34:24.182] 
FAILURE: test
[2021-34-04 12:34:24.182] 
FAILURE: test
[2021-38-04 12:38:23.105] 
FAILURE: test
[2021-38-04 12:38:23.106] 
FAILURE: test
[2021-38-04 12:38:23.106] 
FAILURE: test
[2021-38-04 12:38:23.106] 
FAILURE: test
[2021-38-04 12:38:23.106] 
FAILURE: test
[2021-38-04 12:38:23.106] 
FAILURE: test
[2021-38-04 12:38:23.106] 
FAILURE: test
[2021-38-04 12:38:23.106] 
FAILURE: test
[2021-38-04 12:38:23.106] 
FAILURE: test
[2021-38-04 12:38:23.106] 
FAILURE: test
[2021-38-04 12:38:23.106] 
FAILURE: test
[2021-38-04 12:38:23.106] 
FAILURE: test
[2021-38-04 12:38:23.106] 
FAILURE: test
[2021-38-04 12:38:23.107] 
FAILURE: test
[2021-38-04 12:38:23.107] 
FAILURE: test
[2021-38-04 12:38:23.107] 
FAILURE: test
[2021-38-04 12:38:23.107] 
FAILURE: test
[2021-38-04 12:38:23.107] 
FAILURE: test
[2021-38-04 12:38:23.107] 
FAILURE: test
[2021-38-04 12:38:23.107] 
FAILURE: test
[2021-38-04 12:38:23.107] 
FAILURE: test
[2021-38-04 12:38:23.107] 
FAILURE: test
[2021-38-04 12:38:23.107] 
FAILURE: test
[2021-38-04 12:38:23.107] 
FAILURE: test
[2021-38-04 12:38:23.107] 
FAILURE: test
[2021-38-04 12:38:23.108] 
FAILURE: test
[2021-38-04 12:38:23.108] 
FAILURE: test
[2021-38-04 12:38:23.108] 
FAILURE: test
[2021-38-04 12:38:23.108] 
FAILURE: test
[2021-38-04 12:38:23.108] 
FAILURE: test
[2021-38-04 12:38:23.108] 
FAILURE: test
[2021-38-04 12:38:23.108] 
FAILURE: test
[2021-38-04 12:38:23.108] 
FAILURE: test
[2021-38-04 12:38:23.108] 
FAILURE: test
[2021-38-04 12:38:23.108] 
FAILURE: test
[2021-38-04 12:38:23.108] 
FAILURE: test
[2021-38-04 12:38:23.108] 
FAILURE: test
[2021-38-04 12:38:23.108] 
FAILURE: test
[2021-38-04 12:38:23.109] 
FAILURE: test
[2021-38-04 12:38:23.109] 
FAILURE: test
[2021-38-04 12:38:23.109] 
FAILURE: test
[2021-38-04 12:38:23.109] 
FAILURE: test
[2021-38-04 12:38:23.109] 
FAILURE: test
[2021-38-04 12:38:23.109] 
FAILURE: test
[2021-38-04 12:38:23.109] 
FAILURE: test
[2021-38-04 12:38:23.109] 
FAILURE: test
[2021-38-04 12:38:23.109] 
FAILURE: test
[2021-38-04 12:38:23.109] 
FAILURE: test
[2021-38-04 12:38:23.109] 
FAILURE: test
[2021-38-04 12:38:23.109] 
FAILURE: test
[2021-38-04 12:38:23.109] 
FAILURE: test
[2021-38-04 12:38:23.109] 
FAILURE: test
[2021-38-04 12:38:23.110] 
FAILURE: test
[2021-38-04 12:38:23.110] 
FAILURE: test
[2021-38-04 12:38:23.110] 
FAILURE: test
[2021-38-04 12:38:23.110] 
FAILURE: test
[2021-38-04 12:38:23.110] 
FAILURE: test
[2021-38-04 12:38:23.110] 
FAILURE: test
[2021-38-04 12:38:23.110] 
FAILURE: test
[2021-38-04 12:38:23.110] 
FAILURE: test
[2021-38-04 12:38:23.110] 
FAILURE: test
[2021-38-04 12:38:23.110] 
FAILURE: test
[2021-38-04 12:38:23.110] 
FAILURE: test
[2021-38-04 12:38:23.110] 
FAILURE: test
[2021-38-04 12:38:23.110] 
FAILURE: test
[2021-38-04 12:38:23.110] 
FAILURE: test
[2021-38-04 12:38:23.111] 
FAILURE: test
[2021-38-04 12:38:23.111] 
FAILURE: test
[2021-38-04 12:38:23.111] 
FAILURE: test
[2021-38-04 12:38:23.111] 
FAILURE: test
[2021-38-04 12:38:35.645] 
FAILURE: test
[2021-38-04 12:38:35.646] 
FAILURE: test
[2021-38-04 12:38:35.646] 
FAILURE: test
[2021-38-04 12:38:35.646] 
FAILURE: test
[2021-38-04 12:38:35.646] 
FAILURE: test
[2021-38-04 12:38:35.646] 
FAILURE: test
[2021-38-04 12:38:35.646] 
FAILURE: test
[2021-38-04 12:38:35.646] 
FAILURE: test
[2021-38-04 12:38:35.646] 
FAILURE: test
[2021-38-04 12:38:35.646] 
FAILURE: test
[2021-38-04 12:38:35.646] 
FAILURE: test
[2021-38-04 12:38:35.646] 
FAILURE: test
[2021-38-04 12:38:35.646] 
FAILURE: test
[2021-38-04 12:38:35.646] 
FAILURE: test
[2021-38-04 12:38:35.647] 
FAILURE: test
[2021-38-04 12:38:35.647] 
FAILURE: test
[2021-38-04 12:38:35.647] 
FAILURE: test
[2021-38-04 12:38:35.647] 
FAILURE: test
[2021-38-04 12:38:35.647] 
FAILURE: test
[2021-38-04 12:38:35.647] 
FAILURE: test
[2021-38-04 12:38:35.647] 
FAILURE: test
[2021-38-04 12:38:35.647] 
FAILURE: test
[2021-38-04 12:38:35.647] 
FAILURE: test
[2021-38-04 12:38:35.647] 
FAILURE: test
[2021-38-04 12:38:35.647] 
FAILURE: test
[2021-38-04 12:38:35.647] 
FAILURE: test
[2021-38-04 12:38:35.647] 
FAILURE: test
[2021-38-04 12:38:35.647] 
FAILURE: test
[2021-38-04 12:38:35.648] 
FAILURE: test
[2021-38-04 12:38:35.648] 
FAILURE: test
[2021-38-04 12:38:35.648] 
FAILURE: test
[2021-38-04 12:38:35.648] 
FAILURE: test
[2021-38-04 12:38:35.648] 
FAILURE: test
[2021-38-04 12:38:35.648] 
FAILURE: test
[2021-38-04 12:38:35.648] 
FAILURE: test
[2021-38-04 12:38:35.648] 
FAILURE: test
[2021-38-04 12:38:35.648] 
FAILURE: test
[2021-38-04 12:38:35.648] 
FAILURE: test
[2021-38-04 12:38:35.648] 
FAILURE: test
[2021-38-04 12:38:35.648] 
FAILURE: test
[2021-38-04 12:38:35.648] 
FAILURE: test
[2021-38-04 12:38:35.648] 
FAILURE: test
[2021-38-04 12:38:35.649] 
FAILURE: test
[2021-38-04 12:38:35.649] 
FAILURE: test
[2021-38-04 12:38:35.649] 
FAILURE: test
[2021-38-04 12:38:35.649] 
FAILURE: test
[2021-38-04 12:38:35.649] 
FAILURE: test
[2021-38-04 12:38:35.649] 
FAILURE: test
[2021-38-04 12:38:35.649] 
FAILURE: test
[2021-38-04 12:38:35.649] 
FAILURE: test
[2021-38-04 12:38:35.649] 
FAILURE: test
[2021-38-04 12:38:35.649] 
FAILURE: test
[2021-38-04 12:38:35.649] 
FAILURE: test
[2021-38-04 12:38:35.649] 
FAILURE: test
[2021-38-04 12:38:35.649] 
FAILURE: test
[2021-38-04 12:38:35.649] 
FAILURE: test
[2021-38-04 12:38:35.650] 
FAILURE: test
[2021-38-04 12:38:35.650] 
FAILURE: test
[2021-38-04 12:38:35.650] 
FAILURE: test
[2021-38-04 12:38:35.650] 
FAILURE: test
[2021-38-04 12:38:35.650] 
FAILURE: test
[2021-38-04 12:38:35.650] 
FAILURE: test
[2021-38-04 12:38:35.650] 
FAILURE: test
[2021-38-04 12:38:35.650] 
FAILURE: test
[2021-38-04 12:38:35.650] 
FAILURE: test
[2021-38-04 12:38:35.650] 
FAILURE: test
[2021-38-04 12:38:35.650] 
FAILURE: test
[2021-38-04 12:38:35.650] 
FAILURE: test
[2021-38-04 12:38:35.650] 
FAILURE: test
[2021-38-04 12:38:35.650] 
FAILURE: test
[2021-39-04 12:39:15.685] 
FAILURE: test
[2021-39-04 12:39:15.685] 
FAILURE: test
[2021-39-04 12:39:15.686] 
FAILURE: test
[2021-39-04 12:39:15.686] 
FAILURE: test
[2021-39-04 12:39:15.686] 
FAILURE: test
[2021-39-04 12:39:15.686] 
FAILURE: test
[2021-39-04 12:39:15.686] 
FAILURE: test
[2021-39-04 12:39:15.686] 
FAILURE: test
[2021-39-04 12:39:15.686] 
FAILURE: test
[2021-39-04 12:39:15.686] 
FAILURE: test
[2021-39-04 12:39:15.686] 
FAILURE: test
[2021-39-04 12:39:15.686] 
FAILURE: test
[2021-39-04 12:39:15.686] 
FAILURE: test
[2021-39-04 12:39:15.686] 
FAILURE: test
[2021-39-04 12:39:15.686] 
FAILURE: test
[2021-39-04 12:39:15.686] 
FAILURE: test
[2021-39-04 12:39:15.687] 
FAILURE: test
[2021-39-04 12:39:15.687] 
FAILURE: test
[2021-39-04 12:39:15.687] 
FAILURE: test
[2021-39-04 12:39:15.687] 
FAILURE: test
[2021-39-04 12:39:15.687] 
FAILURE: test
[2021-39-04 12:39:15.687] 
FAILURE: test
[2021-39-04 12:39:15.687] 
FAILURE: test
[2021-39-04 12:39:15.687] 
FAILURE: test
[2021-39-04 12:39:15.687] 
FAILURE: test
[2021-39-04 12:39:15.687] 
FAILURE: test
[2021-39-04 12:39:15.687] 
FAILURE: test
[2021-39-04 12:39:15.687] 
FAILURE: test
[2021-39-04 12:39:15.687] 
FAILURE: test
[2021-39-04 12:39:15.687] 
FAILURE: test
[2021-39-04 12:39:15.688] 
FAILURE: test
[2021-39-04 12:39:15.692] 
FAILURE: test
[2021-39-04 12:39:15.692] 
FAILURE: test
[2021-39-04 12:39:15.692] 
FAILURE: test
[2021-39-04 12:39:15.692] 
FAILURE: test
[2021-39-04 12:39:15.692] 
FAILURE: test
[2021-39-04 12:39:15.692] 
FAILURE: test
[2021-39-04 12:39:15.692] 
FAILURE: test
[2021-39-04 12:39:15.692] 
FAILURE: test
[2021-39-04 12:39:15.692] 
FAILURE: test
[2021-39-04 12:39:15.692] 
FAILURE: test
[2021-39-04 12:39:15.692] 
FAILURE: test
[2021-39-04 12:39:15.692] 
FAILURE: test
[2021-39-04 12:39:15.692] 
FAILURE: test
[2021-39-04 12:39:15.692] 
FAILURE: test
[2021-39-04 12:39:15.693] 
FAILURE: test
[2021-39-04 12:39:15.693] 
FAILURE: test
[2021-39-04 12:39:15.693] 
FAILURE: test
[2021-39-04 12:39:15.693] 
FAILURE: test
[2021-39-04 12:39:15.693] 
FAILURE: test
[2021-39-04 12:39:15.693] 
FAILURE: test
[2021-39-04 12:39:15.693] 
FAILURE: test
[2021-39-04 12:39:15.693] 
FAILURE: test
[2021-39-04 12:39:15.693] 
FAILURE: test
[2021-39-04 12:39:15.693] 
FAILURE: test
[2021-39-04 12:39:15.693] 
FAILURE: test
[2021-39-04 12:39:15.693] 
FAILURE: test
[2021-39-04 12:39:15.693] 
FAILURE: test
[2021-39-04 12:39:15.694] 
FAILURE: test
[2021-39-04 12:39:15.694] 
FAILURE: test
[2021-39-04 12:39:15.694] 
FAILURE: test
[2021-39-04 12:39:15.694] 
FAILURE: test
[2021-39-04 12:39:15.694] 
FAILURE: test
[2021-39-04 12:39:15.694] 
FAILURE: test
[2021-39-04 12:39:15.694] 
FAILURE: test
[2021-39-04 12:39:15.694] 
FAILURE: test
[2021-39-04 12:39:15.694] 
FAILURE: test
[2021-39-04 12:39:15.694] 
FAILURE: test
[2021-39-04 12:39:15.694] 
FAILURE: test
[2021-39-04 12:39:15.694] 
FAILURE: test
[2021-41-04 12:41:19.563] 
FAILURE: test
[2021-41-04 12:41:19.563] 
FAILURE: test
[2021-41-04 12:41:19.563] 
FAILURE: test
[2021-41-04 12:41:19.564] 
FAILURE: test
[2021-41-04 12:41:19.564] 
FAILURE: test
[2021-41-04 12:41:19.564] 
FAILURE: test
[2021-41-04 12:41:19.564] 
FAILURE: test
[2021-41-04 12:41:19.564] 
FAILURE: test
[2021-41-04 12:41:19.564] 
FAILURE: test
[2021-41-04 12:41:19.564] 
FAILURE: test
[2021-41-04 12:41:19.564] 
FAILURE: test
[2021-41-04 12:41:19.564] 
FAILURE: test
[2021-41-04 12:41:19.564] 
FAILURE: test
[2021-41-04 12:41:19.564] 
FAILURE: test
[2021-41-04 12:41:19.564] 
FAILURE: test
[2021-41-04 12:41:19.564] 
FAILURE: test
[2021-41-04 12:41:19.565] 
FAILURE: test
[2021-41-04 12:41:19.565] 
FAILURE: test
[2021-41-04 12:41:19.565] 
FAILURE: test
[2021-41-04 12:41:19.565] 
FAILURE: test
[2021-41-04 12:41:19.565] 
FAILURE: test
[2021-41-04 12:41:19.565] 
FAILURE: test
[2021-41-04 12:41:19.565] 
FAILURE: test
[2021-41-04 12:41:19.565] 
FAILURE: test
[2021-41-04 12:41:19.565] 
FAILURE: test
[2021-41-04 12:41:19.565] 
FAILURE: test
[2021-41-04 12:41:19.565] 
FAILURE: test
[2021-41-04 12:41:19.565] 
FAILURE: test
[2021-41-04 12:41:19.565] 
FAILURE: test
[2021-41-04 12:41:19.565] 
FAILURE: test
[2021-41-04 12:41:19.566] 
FAILURE: test
[2021-41-04 12:41:19.566] 
FAILURE: test
[2021-41-04 12:41:19.566] 
FAILURE: test
[2021-41-04 12:41:19.566] 
FAILURE: test
[2021-41-04 12:41:19.566] 
FAILURE: test
[2021-41-04 12:41:19.566] 
FAILURE: test
[2021-41-04 12:41:19.566] 
FAILURE: test
[2021-41-04 12:41:19.566] 
FAILURE: test
[2021-41-04 12:41:19.566] 
FAILURE: test
[2021-41-04 12:41:19.566] 
FAILURE: test
[2021-41-04 12:41:19.566] 
FAILURE: test
[2021-41-04 12:41:19.566] 
FAILURE: test
[2021-41-04 12:41:19.566] 
FAILURE: test
[2021-41-04 12:41:19.567] 
FAILURE: test
[2021-41-04 12:41:19.567] 
FAILURE: test
[2021-41-04 12:41:19.567] 
FAILURE: test
[2021-41-04 12:41:19.567] 
FAILURE: test
[2021-41-04 12:41:19.567] 
FAILURE: test
[2021-41-04 12:41:19.567] 
FAILURE: test
[2021-41-04 12:41:19.567] 
FAILURE: test
[2021-41-04 12:41:19.567] 
FAILURE: test
[2021-41-04 12:41:19.567] 
FAILURE: test
[2021-41-04 12:41:19.567] 
FAILURE: test
[2021-41-04 12:41:19.567] 
FAILURE: test
[2021-41-04 12:41:19.567] 
FAILURE: test
[2021-41-04 12:41:19.567] 
FAILURE: test
[2021-41-04 12:41:19.567] 
FAILURE: test
[2021-41-04 12:41:19.567] 
FAILURE: test
[2021-41-04 12:41:19.568] 
FAILURE: test
[2021-41-04 12:41:19.568] 
FAILURE: test
[2021-41-04 12:41:19.568] 
FAILURE: test
[2021-41-04 12:41:19.568] 
FAILURE: test
[2021-41-04 12:41:19.568] 
FAILURE: test
[2021-41-04 12:41:19.568] 
FAILURE: test
[2021-41-04 12:41:19.568] 
FAILURE: test
[2021-41-04 12:41:19.568] 
FAILURE: test
[2021-41-04 12:41:19.568] 
FAILURE: test
[2021-41-04 12:41:19.568] 
FAILURE: test
[2021-41-04 12:41:19.568] 
FAILURE: test
[2021-41-04 12:41:19.568] 
FAILURE: test
[2021-41-04 12:41:41.473] 
FAILURE: test
[2021-41-04 12:41:41.473] 
FAILURE: test
[2021-41-04 12:41:41.473] 
FAILURE: test
[2021-41-04 12:41:41.474] 
FAILURE: test
[2021-41-04 12:41:41.474] 
FAILURE: test
[2021-41-04 12:41:41.474] 
FAILURE: test
[2021-41-04 12:41:41.474] 
FAILURE: test
[2021-41-04 12:41:41.474] 
FAILURE: test
[2021-41-04 12:41:41.474] 
FAILURE: test
[2021-41-04 12:41:41.474] 
FAILURE: test
[2021-41-04 12:41:41.474] 
FAILURE: test
[2021-41-04 12:41:41.474] 
FAILURE: test
[2021-41-04 12:41:41.475] 
FAILURE: test
[2021-41-04 12:41:41.475] 
FAILURE: test
[2021-41-04 12:41:41.475] 
FAILURE: test
[2021-41-04 12:41:41.475] 
FAILURE: test
[2021-41-04 12:41:41.475] 
FAILURE: test
[2021-41-04 12:41:41.475] 
FAILURE: test
[2021-41-04 12:41:41.475] 
FAILURE: test
[2021-41-04 12:41:41.475] 
FAILURE: test
[2021-41-04 12:41:41.476] 
FAILURE: test
[2021-41-04 12:41:41.476] 
FAILURE: test
[2021-41-04 12:41:41.476] 
FAILURE: test
[2021-41-04 12:41:41.476] 
FAILURE: test
[2021-41-04 12:41:41.476] 
FAILURE: test
[2021-41-04 12:41:41.476] 
FAILURE: test
[2021-41-04 12:41:41.476] 
FAILURE: test
[2021-41-04 12:41:41.476] 
FAILURE: test
[2021-41-04 12:41:41.476] 
FAILURE: test
[2021-41-04 12:41:41.476] 
FAILURE: test
[2021-41-04 12:41:41.476] 
FAILURE: test
[2021-41-04 12:41:41.476] 
FAILURE: test
[2021-41-04 12:41:41.476] 
FAILURE: test
[2021-41-04 12:41:41.476] 
FAILURE: test
[2021-41-04 12:41:41.477] 
FAILURE: test
[2021-41-04 12:41:41.477] 
FAILURE: test
[2021-41-04 12:41:41.477] 
FAILURE: test
[2021-41-04 12:41:41.477] 
FAILURE: test
[2021-41-04 12:41:41.477] 
FAILURE: test
[2021-41-04 12:41:41.477] 
FAILURE: test
[2021-41-04 12:41:41.477] 
FAILURE: test
[2021-41-04 12:41:41.477] 
FAILURE: test
[2021-41-04 12:41:41.477] 
FAILURE: test
[2021-41-04 12:41:41.477] 
FAILURE: test
[2021-41-04 12:41:41.477] 
FAILURE: test
[2021-41-04 12:41:41.477] 
FAILURE: test
[2021-41-04 12:41:41.477] 
FAILURE: test
[2021-41-04 12:41:41.478] 
FAILURE: test
[2021-41-04 12:41:41.478] 
FAILURE: test
[2021-41-04 12:41:41.478] 
FAILURE: test
[2021-41-04 12:41:41.478] 
FAILURE: test
[2021-41-04 12:41:41.478] 
FAILURE: test
[2021-41-04 12:41:41.478] 
FAILURE: test
[2021-41-04 12:41:41.478] 
FAILURE: test
[2021-41-04 12:41:41.478] 
FAILURE: test
[2021-41-04 12:41:41.478] 
FAILURE: test
[2021-41-04 12:41:41.478] 
FAILURE: test
[2021-41-04 12:41:41.478] 
FAILURE: test
[2021-41-04 12:41:41.478] 
FAILURE: test
[2021-41-04 12:41:41.478] 
FAILURE: test
[2021-41-04 12:41:41.478] 
FAILURE: test
[2021-41-04 12:41:41.479] 
FAILURE: test
[2021-41-04 12:41:41.479] 
FAILURE: test
[2021-41-04 12:41:41.479] 
FAILURE: test
[2021-41-04 12:41:41.479] 
FAILURE: test
[2021-41-04 12:41:41.479] 
FAILURE: test
[2021-41-04 12:41:41.479] 
FAILURE: test
[2021-41-04 12:41:41.479] 
FAILURE: test
[2021-41-04 12:41:41.479] 
FAILURE: test
[2021-41-04 12:41:41.479] 
FAILURE: test
[2021-42-04 12:42:12.602] 
FAILURE: test
[2021-42-04 12:42:12.603] 
FAILURE: test
[2021-42-04 12:42:12.603] 
FAILURE: test
[2021-42-04 12:42:12.603] 
FAILURE: test
[2021-42-04 12:42:12.603] 
FAILURE: test
[2021-42-04 12:42:12.603] 
FAILURE: test
[2021-42-04 12:42:12.603] 
FAILURE: test
[2021-42-04 12:42:12.603] 
FAILURE: test
[2021-42-04 12:42:12.603] 
FAILURE: test
[2021-42-04 12:42:12.603] 
FAILURE: test
[2021-42-04 12:42:12.603] 
FAILURE: test
[2021-42-04 12:42:12.603] 
FAILURE: test
[2021-42-04 12:42:12.604] 
FAILURE: test
[2021-42-04 12:42:12.604] 
FAILURE: test
[2021-42-04 12:42:12.604] 
FAILURE: test
[2021-42-04 12:42:12.604] 
FAILURE: test
[2021-42-04 12:42:12.605] 
FAILURE: test
[2021-42-04 12:42:12.605] 
FAILURE: test
[2021-42-04 12:42:12.605] 
FAILURE: test
[2021-42-04 12:42:12.605] 
FAILURE: test
[2021-42-04 12:42:12.605] 
FAILURE: test
[2021-42-04 12:42:12.605] 
FAILURE: test
[2021-42-04 12:42:12.605] 
FAILURE: test
[2021-42-04 12:42:12.605] 
FAILURE: test
[2021-42-04 12:42:12.605] 
FAILURE: test
[2021-42-04 12:42:12.605] 
FAILURE: test
[2021-42-04 12:42:12.605] 
FAILURE: test
[2021-42-04 12:42:12.605] 
FAILURE: test
[2021-42-04 12:42:12.605] 
FAILURE: test
[2021-42-04 12:42:12.606] 
FAILURE: test
[2021-42-04 12:42:12.606] 
FAILURE: test
[2021-42-04 12:42:12.606] 
FAILURE: test
[2021-42-04 12:42:12.606] 
FAILURE: test
[2021-42-04 12:42:12.606] 
FAILURE: test
[2021-42-04 12:42:12.606] 
FAILURE: test
[2021-42-04 12:42:12.606] 
FAILURE: test
[2021-42-04 12:42:12.606] 
FAILURE: test
[2021-42-04 12:42:12.606] 
FAILURE: test
[2021-42-04 12:42:12.606] 
FAILURE: test
[2021-42-04 12:42:12.606] 
FAILURE: test
[2021-42-04 12:42:12.606] 
FAILURE: test
[2021-42-04 12:42:12.606] 
FAILURE: test
[2021-42-04 12:42:12.606] 
FAILURE: test
[2021-42-04 12:42:12.607] 
FAILURE: test
[2021-42-04 12:42:12.607] 
FAILURE: test
[2021-42-04 12:42:12.607] 
FAILURE: test
[2021-42-04 12:42:12.607] 
FAILURE: test
[2021-42-04 12:42:12.607] 
FAILURE: test
[2021-42-04 12:42:12.607] 
FAILURE: test
[2021-42-04 12:42:12.607] 
FAILURE: test
[2021-42-04 12:42:12.607] 
FAILURE: test
[2021-42-04 12:42:12.607] 
FAILURE: test
[2021-42-04 12:42:12.607] 
FAILURE: test
[2021-42-04 12:42:12.607] 
FAILURE: test
[2021-42-04 12:42:12.607] 
FAILURE: test
[2021-42-04 12:42:12.607] 
FAILURE: test
[2021-42-04 12:42:12.607] 
FAILURE: test
[2021-42-04 12:42:12.608] 
FAILURE: test
[2021-42-04 12:42:12.608] 
FAILURE: test
[2021-42-04 12:42:12.608] 
FAILURE: test
[2021-42-04 12:42:12.608] 
FAILURE: test
[2021-42-04 12:42:12.608] 
FAILURE: test
[2021-42-04 12:42:12.608] 
FAILURE: test
[2021-42-04 12:42:12.608] 
FAILURE: test
[2021-42-04 12:42:12.608] 
FAILURE: test
[2021-42-04 12:42:12.608] 
FAILURE: test
[2021-42-04 12:42:12.608] 
FAILURE: test
[2021-42-04 12:42:12.608] 
FAILURE: test
[2021-42-04 12:42:12.608] 
FAILURE: test
[2021-42-04 12:42:12.608] 
FAILURE: test
[2021-44-04 12:44:07.135] 
FAILURE: test
[2021-44-04 12:44:07.135] 
FAILURE: test
[2021-44-04 12:44:07.135] 
FAILURE: test
[2021-44-04 12:44:07.135] 
FAILURE: test
[2021-44-04 12:44:07.135] 
FAILURE: test
[2021-44-04 12:44:07.136] 
FAILURE: test
[2021-44-04 12:44:07.136] 
FAILURE: test
[2021-44-04 12:44:07.136] 
FAILURE: test
[2021-44-04 12:44:07.136] 
FAILURE: test
[2021-44-04 12:44:07.136] 
FAILURE: test
[2021-44-04 12:44:07.136] 
FAILURE: test
[2021-44-04 12:44:07.136] 
FAILURE: test
[2021-44-04 12:44:07.137] 
FAILURE: test
[2021-44-04 12:44:07.137] 
FAILURE: test
[2021-44-04 12:44:07.137] 
FAILURE: test
[2021-44-04 12:44:07.137] 
FAILURE: test
[2021-44-04 12:44:07.137] 
FAILURE: test
[2021-44-04 12:44:07.137] 
FAILURE: test
[2021-44-04 12:44:07.137] 
FAILURE: test
[2021-44-04 12:44:07.138] 
FAILURE: test
[2021-44-04 12:44:07.138] 
FAILURE: test
[2021-44-04 12:44:07.138] 
FAILURE: test
[2021-44-04 12:44:07.138] 
FAILURE: test
[2021-44-04 12:44:07.138] 
FAILURE: test
[2021-44-04 12:44:07.138] 
FAILURE: test
[2021-44-04 12:44:07.138] 
FAILURE: test
[2021-44-04 12:44:07.138] 
FAILURE: test
[2021-44-04 12:44:07.138] 
FAILURE: test
[2021-44-04 12:44:07.138] 
FAILURE: test
[2021-44-04 12:44:07.138] 
FAILURE: test
[2021-44-04 12:44:07.138] 
FAILURE: test
[2021-44-04 12:44:07.138] 
FAILURE: test
[2021-44-04 12:44:07.138] 
FAILURE: test
[2021-44-04 12:44:07.139] 
FAILURE: test
[2021-44-04 12:44:07.139] 
FAILURE: test
[2021-44-04 12:44:07.139] 
FAILURE: test
[2021-44-04 12:44:07.139] 
FAILURE: test
[2021-44-04 12:44:07.139] 
FAILURE: test
[2021-44-04 12:44:07.139] 
FAILURE: test
[2021-44-04 12:44:07.139] 
FAILURE: test
[2021-44-04 12:44:07.139] 
FAILURE: test
[2021-44-04 12:44:07.139] 
FAILURE: test
[2021-44-04 12:44:07.139] 
FAILURE: test
[2021-44-04 12:44:07.139] 
FAILURE: test
[2021-44-04 12:44:07.139] 
FAILURE: test
[2021-44-04 12:44:07.139] 
FAILURE: test
[2021-44-04 12:44:07.139] 
FAILURE: test
[2021-44-04 12:44:07.139] 
FAILURE: test
[2021-44-04 12:44:07.140] 
FAILURE: test
[2021-44-04 12:44:07.140] 
FAILURE: test
[2021-44-04 12:44:07.140] 
FAILURE: test
[2021-44-04 12:44:07.140] 
FAILURE: test
[2021-44-04 12:44:07.140] 
FAILURE: test
[2021-44-04 12:44:07.140] 
FAILURE: test
[2021-44-04 12:44:07.140] 
FAILURE: test
[2021-44-04 12:44:07.140] 
FAILURE: test
[2021-44-04 12:44:07.140] 
FAILURE: test
[2021-44-04 12:44:07.140] 
FAILURE: test
[2021-44-04 12:44:07.140] 
FAILURE: test
[2021-44-04 12:44:07.140] 
FAILURE: test
[2021-44-04 12:44:07.140] 
FAILURE: test
[2021-44-04 12:44:07.140] 
FAILURE: test
[2021-44-04 12:44:07.141] 
FAILURE: test
[2021-44-04 12:44:07.141] 
FAILURE: test
[2021-44-04 12:44:07.141] 
FAILURE: test
[2021-44-04 12:44:07.141] 
FAILURE: test
[2021-44-04 12:44:07.141] 
FAILURE: test
[2021-44-04 12:44:07.141] 
FAILURE: test
[2021-44-04 12:44:07.141] 
FAILURE: test
[2021-44-04 12:44:07.141] 
FAILURE: test
